[    1334ms] [INFO] Loading the script 'https://api-gateway.pofu.io/js/script.tagged-events.outbound-links.js' violates the following Content Security Policy directive: "script-src 'self' data: 'unsafe-inline' 'unsafe-eval' *.chatlio.com *.ads.linkedin.com *.demandbase.com *.firebaseio.com *.hackerrank.com *.hackerrank.io *.linkedin.com *.twitter.com *.wsp.hackerrank.com *.wss.hackerrank.com *.zopim.com api.filepicker.io api.olark.com app-sji.marketo.com bam.nr-data.net cdn.amplitude.com cdn.auryc.com cdn.bizible.com cdn.heapanalytics.com cdn.mxpnl.com cdn.optimizely.com cdn.raygun.io cdn.userty.com cdn.walkme.com cdnjs.cloudflare.com connect.facebook.net d1ka33fs6lvw5x.cloudfront.net d1ncy0v3du7k5q.cloudfront.net ds-aksb-a.akamaihd.net googleads.g.doubleclick.net www.gstatic.com hrcdn.net js-agent.newrelic.com js.stripe.com munchkin.marketo.net script.hotjar.com snap.licdn.com ssl.google-analytics.com static.ads-twitter.com static.hotjar.com static.olark.com static.zdassets.com stats.pusher.com use.typekit.net www.google-analytics.com www.google.com www.googleadservices.com www.googletagmanager.com s3.amazonaws.com cdn.pendo.io edge.fullstory.com media.twiliocdn.com *.pendo.hackerrank.com *.private.hackerrank.link download-cdn.perfext.hackerrank.link d2a3h6e71jcifd.cloudfront.net marketo.clearbit.com assets.churnkey.co rs.fullstory.com app.runrehearsals.com data.pendo.io www.vscode-web.hrcdn.net cdn.cookielaw.org hackerrank.chilipiper.com unpkg.com accounts.google.com d2i34c80a0ftze.cloudfront.net". Note that 'script-src-elem' was not explicitly set, so 'script-src' is used as a fallback. The policy is report-only, so the violation has been logged but no further action has been taken. @ https://www.hackerrank.com/domains/algorithms?filters%5Bsubdomains%5D%5B%5D=arrays-and-sorting&filters%5Bdifficulty%5D%5B%5D=medium:0
[    1716ms] [ERROR] Failed to load resource: the server responded with a status of 429 () @ https://hackerrank.report-uri.com/r/d/csp/reportOnly:0
[    1893ms] [LOG] utm_source @ https://www.hackerrank.com/domains/algorithms?filters%5Bsubdomains%5D%5B%5D=arrays-and-sorting&filters%5Bdifficulty%5D%5B%5D=medium:12
[    1894ms] [LOG] utm_source =  @ https://www.hackerrank.com/domains/algorithms?filters%5Bsubdomains%5D%5B%5D=arrays-and-sorting&filters%5Bdifficulty%5D%5B%5D=medium:12
[    1894ms] [LOG] utm_medium @ https://www.hackerrank.com/domains/algorithms?filters%5Bsubdomains%5D%5B%5D=arrays-and-sorting&filters%5Bdifficulty%5D%5B%5D=medium:12
[    1895ms] [LOG] utm_medium =  @ https://www.hackerrank.com/domains/algorithms?filters%5Bsubdomains%5D%5B%5D=arrays-and-sorting&filters%5Bdifficulty%5D%5B%5D=medium:12
[    1895ms] [LOG] utm_campaign @ https://www.hackerrank.com/domains/algorithms?filters%5Bsubdomains%5D%5B%5D=arrays-and-sorting&filters%5Bdifficulty%5D%5B%5D=medium:12
[    1895ms] [LOG] utm_campaign =  @ https://www.hackerrank.com/domains/algorithms?filters%5Bsubdomains%5D%5B%5D=arrays-and-sorting&filters%5Bdifficulty%5D%5B%5D=medium:12
[    1895ms] [LOG] utm_term @ https://www.hackerrank.com/domains/algorithms?filters%5Bsubdomains%5D%5B%5D=arrays-and-sorting&filters%5Bdifficulty%5D%5B%5D=medium:12
[    1895ms] [LOG] utm_term =  @ https://www.hackerrank.com/domains/algorithms?filters%5Bsubdomains%5D%5B%5D=arrays-and-sorting&filters%5Bdifficulty%5D%5B%5D=medium:12
[    1895ms] [LOG] utm_content @ https://www.hackerrank.com/domains/algorithms?filters%5Bsubdomains%5D%5B%5D=arrays-and-sorting&filters%5Bdifficulty%5D%5B%5D=medium:12
[    1896ms] [LOG] utm_content =  @ https://www.hackerrank.com/domains/algorithms?filters%5Bsubdomains%5D%5B%5D=arrays-and-sorting&filters%5Bdifficulty%5D%5B%5D=medium:12
[    2492ms] [LOG] Concierge version 1.48.0 @ https://www.hackerrank.com/domains/algorithms?filters%5Bsubdomains%5D%5B%5D=arrays-and-sorting&filters%5Bdifficulty%5D%5B%5D=medium:12
[    2494ms] [LOG] {data: Object, link: https://hackerrank.chilipiper.com/concierge-router…%26filters%255Bdifficulty%255D%255B%255D%3Dmedium} @ https://www.hackerrank.com/domains/algorithms?filters%5Bsubdomains%5D%5B%5D=arrays-and-sorting&filters%5Bdifficulty%5D%5B%5D=medium:12
[    3512ms] [ERROR] Failed to load resource: the server responded with a status of 401 () @ https://appgateway.hackerrank.com/unified/clickstream/api/v1/session:0
[    5605ms] [LOG] Schedule app version: 3.107.0 @ https://hackerrank.chilipiper.com/static/canary/booking-app/assets/root-DyVo1-_d.js:4
[    7849ms] [ERROR] Access to XMLHttpRequest at 'https://metrics.hackerrank.com/app_metrics' from origin 'https://www.hackerrank.com' has been blocked by CORS policy: Response to preflight request doesn't pass access control check: The value of the 'Access-Control-Allow-Credentials' header in the response is '' which must be 'true' when the request's credentials mode is 'include'. The credentials mode of requests initiated by the XMLHttpRequest is controlled by the withCredentials attribute. @ https://www.hackerrank.com/domains/algorithms?filters%5Bsubdomains%5D%5B%5D=arrays-and-sorting&filters%5Bdifficulty%5D%5B%5D=medium:0
[    7853ms] [ERROR] Failed to load resource: net::ERR_FAILED @ https://metrics.hackerrank.com/app_metrics:0
[    7854ms] Uncaught (in promise) #<Object>
    at <anonymous> (https://hrcdn.net/fcore/assets/modules-node_modules_app-server_es_client_index_js-node_modules_app-server_es_ui_component_co-78b6e5-5dd01d22.js:0:35086)
    at <anonymous> (https://hrcdn.net/fcore/assets/modules-node_modules_app-server_es_client_index_js-node_modules_app-server_es_ui_component_co-78b6e5-5dd01d22.js:0:35152)
