[    3667ms] Error: Minified React error #418; visit https://react.dev/errors/418?args[]=text&args[]= for the full message or use the non-minified dev environment for full errors and additional helpful warnings.
    at rO (https://leetcode.com/_next/static/chunks/framework-75598bac4501176c.js:1:124613)
    at rM (https://leetcode.com/_next/static/chunks/framework-75598bac4501176c.js:1:125646)
    at https://leetcode.com/_next/static/chunks/framework-75598bac4501176c.js:1:209134
    at sC (https://leetcode.com/_next/static/chunks/framework-75598bac4501176c.js:1:214006)
    at sw (https://leetcode.com/_next/static/chunks/framework-75598bac4501176c.js:1:205794)
    at https://leetcode.com/_next/static/chunks/framework-75598bac4501176c.js:1:205578
    at sS (https://leetcode.com/_next/static/chunks/framework-75598bac4501176c.js:1:205586)
    at sc (https://leetcode.com/_next/static/chunks/framework-75598bac4501176c.js:1:200961)
    at sJ (https://leetcode.com/_next/static/chunks/framework-75598bac4501176c.js:1:224097)
    at MessagePort._ (https://leetcode.com/_next/static/chunks/framework-75598bac4501176c.js:1:273585)
[   33427ms] Error: Minified React error #418; visit https://react.dev/errors/418?args[]=HTML&args[]= for the full message or use the non-minified dev environment for full errors and additional helpful warnings.
    at rO (https://leetcode.com/_next/static/chunks/framework-75598bac4501176c.js:1:124613)
    at oG (https://leetcode.com/_next/static/chunks/framework-75598bac4501176c.js:1:174646)
    at sw (https://leetcode.com/_next/static/chunks/framework-75598bac4501176c.js:1:205733)
    at https://leetcode.com/_next/static/chunks/framework-75598bac4501176c.js:1:205578
    at sS (https://leetcode.com/_next/static/chunks/framework-75598bac4501176c.js:1:205586)
    at sc (https://leetcode.com/_next/static/chunks/framework-75598bac4501176c.js:1:200961)
    at sJ (https://leetcode.com/_next/static/chunks/framework-75598bac4501176c.js:1:224097)
    at MessagePort._ (https://leetcode.com/_next/static/chunks/framework-75598bac4501176c.js:1:273585)
[   43939ms] [ERROR] Failed to load resource: net::ERR_CONNECTION_CLOSED @ https://o6871.ingest.sentry.io/api/5806672/envelope/?sentry_key=2a051f9838e2450fbdd5a77eb62cc83c&sentry_version=7&sentry_client=sentry.javascript.nextjs%2F7.51.2:0
[   43939ms] [ERROR] Failed to load resource: net::ERR_CONNECTION_CLOSED @ https://o6871.ingest.sentry.io/api/5806672/envelope/?sentry_key=2a051f9838e2450fbdd5a77eb62cc83c&sentry_version=7&sentry_client=sentry.javascript.nextjs%2F7.51.2:0
