[    1515ms] [LOG] Data Prefixing Patch Active: Requests will include /gfg-assets @ https://assets.geeksforgeeks.org/gfg-assets/_next/static/chunks/pages/_app-2cf0661e13ced1d3.js:5
[    2223ms] [LOG] Acceptable Ads: false @ https://assets.geeksforgeeks.org/gfg-assets/_next/static/chunks/pages/_app-2cf0661e13ced1d3.js:5
[    2252ms] [LOG] Acceptable Ads: false @ https://assets.geeksforgeeks.org/gfg-assets/_next/static/chunks/pages/_app-2cf0661e13ced1d3.js:5
[    3177ms] [WARNING] [GPT] PubAdsService.disableInitialLoad is deprecated, use googletag.setConfig({disableInitialLoad: ...}) instead.
https://goo.gle/gpt-message#170 @ https://securepubads.g.doubleclick.net/pagead/managed/js/gpt/m202605080101/pubads_impl.js?cb=31098429:18
[    3251ms] [ERROR] Access to fetch at 'https://api.rlcdn.com/api/identity/envelope?pid=1258' from origin 'https://www.geeksforgeeks.org' has been blocked by CORS policy: No 'Access-Control-Allow-Origin' header is present on the requested resource. @ https://www.geeksforgeeks.org/dsa/top-50-string-coding-problems-for-interviews/:0
[    3257ms] [ERROR] Failed to load resource: net::ERR_FAILED @ https://api.rlcdn.com/api/identity/envelope?pid=1258:0
[    4308ms] [LOG] 🚀 initGfgAds: Initializing ads for /dsa/top-50-string-coding-problems-for-interviews/ @ https://cdnads.geeksforgeeks.org/v1/gfg_ads.min.js?ver=0.1:79
[    4310ms] [LOG] ✅ Div injected into the STABLE DOM. @ https://cdnads.geeksforgeeks.org/v1/gfg_ads.min.js?ver=0.1:57
[    4311ms] [LOG] 🚀 initGfgAds: Initialization complete. @ https://cdnads.geeksforgeeks.org/v1/gfg_ads.min.js?ver=0.1:82
[    4368ms] [ERROR] Not signed in with the identity provider. @ https://www.geeksforgeeks.org/dsa/top-50-string-coding-problems-for-interviews/:0
[    4961ms] [WARNING] [GPT] Slot.getTargeting is deprecated, use Slot.getConfig('targeting') instead.
https://goo.gle/gpt-message#201 @ https://securepubads.g.doubleclick.net/pagead/managed/js/gpt/m202605080101/pubads_impl.js?cb=31098429:18
[    5054ms] [ERROR] [GSI_LOGGER]: FedCM get() rejects with NetworkError: Error retrieving a token. @ https://accounts.google.com/gsi/client:85
[    7338ms] [ERROR] Failed to load resource: net::ERR_CONNECTION_REFUSED @ https://cs.nex8.net/cs/openx:0
[    7379ms] [ERROR] Failed to load resource: net::ERR_NAME_NOT_RESOLVED @ https://dps.jp.cinarra.com/pxd?PLATFORM_ID=1&USER_ID=33bca37f-6fd6-825f-fb19-6afe0d8ea282:0
[    7391ms] [ERROR] Failed to load resource: the server responded with a status of 503 () @ https://sync-amz.ads.yieldmo.com/tamptsync?callback=https%3A%2F%2Fs.amazon-adsystem.com%2Fecm3%3Fex%3Dym.com%26id%3D%24UID&gdpr=0:0
[    8082ms] [INFO] Powered by AMP ⚡ HTML – Version 2603032146000 https://www.geeksforgeeks.org/dsa/top-50-string-coding-problems-for-interviews/ @ https://cdn.ampproject.org/rtv/012603032146000/amp4ads-v0.mjs:1
[    8775ms] [ERROR] Failed to load resource: net::ERR_NAME_NOT_RESOLVED @ https://cs.lkqd.net/cs?partnerId=109&partnerUserId=c1cf9e3610&gdpr=0&gdpr_consent=:0
[    8900ms] SecurityError: Failed to read a named property 'nobid' from 'Window': Blocked a frame with origin "https://bc3012c879dd06dadf1da7526786c421.safeframe.googlesyndication.com" from accessing a cross-origin frame.
    at about:srcdoc:1:153
[    8846ms] [ERROR] Failed to load resource: net::ERR_CONNECTION_REFUSED @ https://adsdkprod.azureedge.net/viewability/versions/v5.8.28/banner.js:0
[    8848ms] [ERROR] Failed to load resource: net::ERR_CONNECTION_REFUSED @ https://adsdkprod.azureedge.net/viewability/versions/v5.8.28/banner.js:0
[    8873ms] [ERROR] Failed to load resource: net::ERR_CONNECTION_REFUSED @ https://adsdkprod.azureedge.net/viewability/versions/v5.8.28/banner.js:0
[    9017ms] [ERROR] Attestation check for Shared Storage on https://www.googleadservices.com failed. @ https://www.googleadservices.com/pagead/managed/js/activeview/current/reach_worklet.html:0
[    9039ms] [ERROR] Attestation check for Shared Storage on https://www.googleadservices.com failed. @ https://www.googleadservices.com/pagead/managed/js/activeview/current/reach_worklet.html:0
[    9053ms] [ERROR] Attestation check for Shared Storage on https://www.googleadservices.com failed. @ https://www.googleadservices.com/pagead/managed/js/activeview/current/reach_worklet.html:0
[    9063ms] [ERROR] Attestation check for Shared Storage on https://www.googleadservices.com failed. @ https://www.googleadservices.com/pagead/managed/js/activeview/current/reach_worklet.html:0
[    9287ms] [ERROR] Failed to load resource: net::ERR_CONNECTION_REFUSED @ https://c.bing.com/c.gif?anx_uid=6936101776509003842&Red3=AN3PMS_pd&gdpr=0&gdpr_consent=:0
[    9410ms] [ERROR] Failed to load resource: net::ERR_CONNECTION_REFUSED @ https://c.bing.com/c.gif?anx_uid=6936101776509003842&Red3=AN3PMS_pd&gdpr=0&gdpr_consent=:0
[    9433ms] [ERROR] Failed to load resource: net::ERR_CONNECTION_REFUSED @ https://c.bing.com/c.gif?anx_uid=6936101776509003842&Red3=MSAN_pd&gdpr=&gdpr_consent=:0
[    9594ms] [ERROR] Failed to load resource: net::ERR_CONNECTION_REFUSED @ https://c.bing.com/c.gif?anx_uid=6936101776509003842&Red3=MSAN_pd&gdpr=&gdpr_consent=:0
[    9676ms] [ERROR] Failed to load resource: net::ERR_NAME_NOT_RESOLVED @ https://sync.search.spotxchange.com/partner?adv_id=7715&uid=6936101776509003842:0
[    9915ms] [ERROR] Failed to load resource: net::ERR_CONNECTION_REFUSED @ https://secure.adnxs.com/setuid?entity=399&code=78f454a8-ae8e-4b78-bc39-e3ec239cd141&gdpr=0&us_privacy=${US_PRIVACY}:0
[    9960ms] [ERROR] Failed to load resource: net::ERR_CONNECTION_REFUSED @ https://secure.adnxs.com/setuid?entity=91&code=6645484191038263843&gdpr=0&gdpr_consent=:0
[    9287ms] [ERROR] Failed to load resource: net::ERR_CONNECTION_REFUSED @ https://c.bing.com/c.gif?anx_uid=6936101776509003842&Red3=AN3PMS_pd&gdpr=0&gdpr_consent=:0
[    9410ms] [ERROR] Failed to load resource: net::ERR_CONNECTION_REFUSED @ https://c.bing.com/c.gif?anx_uid=6936101776509003842&Red3=AN3PMS_pd&gdpr=0&gdpr_consent=:0
[    9433ms] [ERROR] Failed to load resource: net::ERR_CONNECTION_REFUSED @ https://c.bing.com/c.gif?anx_uid=6936101776509003842&Red3=MSAN_pd&gdpr=&gdpr_consent=:0
[    9594ms] [ERROR] Failed to load resource: net::ERR_CONNECTION_REFUSED @ https://c.bing.com/c.gif?anx_uid=6936101776509003842&Red3=MSAN_pd&gdpr=&gdpr_consent=:0
[    9676ms] [ERROR] Failed to load resource: net::ERR_NAME_NOT_RESOLVED @ https://sync.search.spotxchange.com/partner?adv_id=7715&uid=6936101776509003842:0
[    9915ms] [ERROR] Failed to load resource: net::ERR_CONNECTION_REFUSED @ https://secure.adnxs.com/setuid?entity=399&code=78f454a8-ae8e-4b78-bc39-e3ec239cd141&gdpr=0&us_privacy=${US_PRIVACY}:0
[    9960ms] [ERROR] Failed to load resource: net::ERR_CONNECTION_REFUSED @ https://secure.adnxs.com/setuid?entity=91&code=6645484191038263843&gdpr=0&gdpr_consent=:0
[    7338ms] [ERROR] Failed to load resource: net::ERR_CONNECTION_REFUSED @ https://cs.nex8.net/cs/openx:0
[    7379ms] [ERROR] Failed to load resource: net::ERR_NAME_NOT_RESOLVED @ https://dps.jp.cinarra.com/pxd?PLATFORM_ID=1&USER_ID=33bca37f-6fd6-825f-fb19-6afe0d8ea282:0
[   10452ms] [ERROR] Failed to load resource: net::ERR_CONNECTION_REFUSED @ https://c.bing.com/c.gif?anx_uid=6936101776509003842&Red3=AN3PMS_pd&gdpr=0&gdpr_consent=:0
[   10486ms] [ERROR] Failed to load resource: net::ERR_NAME_NOT_RESOLVED @ https://match.rundsp.com/redirect?ex=openx:0
[   10756ms] [ERROR] Failed to load resource: net::ERR_CONNECTION_REFUSED @ https://secure.adnxs.com/getuidnb?https%3A%2F%2Fpixel.rubiconproject.com%2Ftap.php%3Fv%3D4894%26nid%3D1986%26put%3D$UID%26expires%3D30&gdpr=0:0
[   10948ms] [WARNING] Mixed Content: The page at 'https://us.shb-sync.com/iframe?pbjs=1&coppa=0&pid=420' was loaded over HTTPS, but requested an insecure element 'http://image8.pubmatic.com/AdServer/ImgSync?p=166572&gdpr=[GDPR]&gdpr_consent=[GDPR_CONSENT]&pu=https%3A%2F%2Fus.shb-sync.com%2F8b53bddb-c391-413b-bb0d-4212676cd4ae.gif%3Fpuid%3D%23PMUID'. This request was automatically upgraded to HTTPS, For more information see https://blog.chromium.org/2019/10/no-more-mixed-messages-about-https.html @ https://us.shb-sync.com/iframe?pbjs=1&coppa=0&pid=420:0
[   10954ms] [WARNING] Mixed Content: The page at 'https://us.shb-sync.com/iframe?pbjs=1&coppa=0&pid=420' was loaded over HTTPS, but requested an insecure element 'http://image8.pubmatic.com/AdServer/ImgSync?p=166681&gdpr=[GDPR]&gdpr_consent=[GDPR_CONSENT]&pu=https%3A%2F%2Fus.shb-sync.com%2F15530caa-4c98-47bb-af5c-f3147806f104.gif%3Fpuid%3D%23PMUID'. This request was automatically upgraded to HTTPS, For more information see https://blog.chromium.org/2019/10/no-more-mixed-messages-about-https.html @ https://us.shb-sync.com/iframe?pbjs=1&coppa=0&pid=420:0
[   11067ms] [WARNING] Mixed Content: The page at 'https://us.shb-sync.com/iframe?pbjs=1&coppa=0&pid=420' was loaded over HTTPS, but requested an insecure element 'http://image8.pubmatic.com/AdServer/ImgSync?p=166572&gdpr=[GDPR]&gdpr_consent=[GDPR_CONSENT]&pu=https%3A%2F%2Fus.shb-sync.com%2F8b53bddb-c391-413b-bb0d-4212676cd4ae.gif%3Fpuid%3D%23PMUID'. This request was automatically upgraded to HTTPS, For more information see https://blog.chromium.org/2019/10/no-more-mixed-messages-about-https.html @ https://us.shb-sync.com/iframe?pbjs=1&coppa=0&pid=420:32
[   11137ms] [WARNING] Mixed Content: The page at 'https://us.shb-sync.com/iframe?pbjs=1&coppa=0&pid=420' was loaded over HTTPS, but requested an insecure element 'http://image8.pubmatic.com/AdServer/ImgSync?p=166681&gdpr=[GDPR]&gdpr_consent=[GDPR_CONSENT]&pu=https%3A%2F%2Fus.shb-sync.com%2F15530caa-4c98-47bb-af5c-f3147806f104.gif%3Fpuid%3D%23PMUID'. This request was automatically upgraded to HTTPS, For more information see https://blog.chromium.org/2019/10/no-more-mixed-messages-about-https.html @ https://us.shb-sync.com/iframe?pbjs=1&coppa=0&pid=420:47
[   10756ms] [ERROR] Failed to load resource: net::ERR_CONNECTION_REFUSED @ https://secure.adnxs.com/getuidnb?https%3A%2F%2Fpixel.rubiconproject.com%2Ftap.php%3Fv%3D4894%26nid%3D1986%26put%3D$UID%26expires%3D30&gdpr=0:0
[   13001ms] [ERROR] Failed to load resource: net::ERR_SOCKET_NOT_CONNECTED @ https://sync.go.sonobi.com/usa?loc=https%3A%2F%2Fads.servenobid.com%2Fsync%3Fpid%3D332%26uid%3D%26origin%3Dhttps%253A%252F%252Fwww.geeksforgeeks.org%252Fdsa%252Ftop-50-string-coding-problems-for-interviews%252F:0
[   14158ms] [ERROR] Failed to load resource: the server responded with a status of 404 () @ https://cs-server-s2s.yellowblue.io/[RED]:0
[   14158ms] [ERROR] Failed to load resource: the server responded with a status of 404 () @ https://cs-server-s2s.yellowblue.io/[RED]:0
[   14158ms] [ERROR] Failed to load resource: the server responded with a status of 404 () @ https://cs-server-s2s.yellowblue.io/[RED]:0
[   10756ms] [ERROR] Failed to load resource: net::ERR_CONNECTION_REFUSED @ https://secure.adnxs.com/getuidnb?https%3A%2F%2Fpixel.rubiconproject.com%2Ftap.php%3Fv%3D4894%26nid%3D1986%26put%3D$UID%26expires%3D30&gdpr=0:0
[   14158ms] [ERROR] Failed to load resource: the server responded with a status of 404 () @ https://cs-server-s2s.yellowblue.io/[RED]:0
[   15247ms] [ERROR] Failed to load resource: net::ERR_CONNECTION_REFUSED @ https://secure.adnxs.com/getuid?https%3A%2F%2Frtb-csync.smartadserver.com%2Fredir%2F%3Fissi%3D1%26partnerid%3D86%26partneruserid%3D$UID&gdpr=0&gdpr_consent=:0
[   15530ms] [ERROR] Failed to load resource: the server responded with a status of 404 () @ https://cs-server-s2s.yellowblue.io/[RED]:0
[   15655ms] [ERROR] Failed to load resource: net::ERR_CONNECTION_REFUSED @ https://secure.adnxs.com/getuid?[RED]:0
[   15682ms] [ERROR] Failed to load resource: net::ERR_CONNECTION_REFUSED @ https://secure.adnxs.com/getuid?[RED]:0
[   10756ms] [ERROR] Failed to load resource: net::ERR_CONNECTION_REFUSED @ https://secure.adnxs.com/getuidnb?https%3A%2F%2Fpixel.rubiconproject.com%2Ftap.php%3Fv%3D4894%26nid%3D1986%26put%3D$UID%26expires%3D30&gdpr=0:0
[   18028ms] [ERROR] Failed to load resource: the server responded with a status of 404 () @ https://ittpx.eskimi.com/sync?sp_id=82&gdpr=${GDPR}&gdpr_consent=${GDPR_CONSENT}&us_privacy=${US_PRIVACY}&gpp=${GPP}&gpp_sid=${GPP_SID}:0
[   18513ms] [ERROR] Failed to load resource: net::ERR_CONNECTION_REFUSED @ https://secure.adnxs.com/getuid?https%3A%2F%2Fsync.kueezrtb.com%2Fapi%2Fcookie%3FpartnerId%3Dkueez-xandr%26userId%3D%24UID%26gdpr%3D%26gdpr_consent%3D%26us_privacy%3D&gdpr=&gdpr_consent=:0
[   18549ms] [ERROR] Failed to load resource: net::ERR_CONNECTION_REFUSED @ https://secure.adnxs.com/getuid?https%3A%2F%2Fsync.kueezrtb.com%2Fapi%2Fcookie%3FpartnerId%3Dkueez-xandr%26userId%3D%24UID%26gdpr%3D%26gdpr_consent%3D%26us_privacy%3D&gdpr=&gdpr_consent=:0
[   18700ms] [ERROR] Failed to load resource: net::ERR_SOCKET_NOT_CONNECTED @ https://ad.turn.com/r/cs?pid=21:0
[   18702ms] [ERROR] Failed to load resource: net::ERR_SOCKET_NOT_CONNECTED @ https://tracker.rtb-oveeo.com/sync?id=187&amp;uid=6a91dea8-acc9-422e-b2a6-c97fcb68200b:0
[   19000ms] [ERROR] Failed to load resource: the server responded with a status of 400 () @ https://sync.dxtech.ai/setuid?bidder=acuityads&uid=7e87248d-530b-4678-bc8b-cde75a692f8c&gdpr=[GDPR]d&gdpr_consent=[GDPR_CONSENT]:0
[   20348ms] [ERROR] Failed to load resource: net::ERR_TOO_MANY_REDIRECTS @ https://match.sharethrough.com/universal/v1?supply_id=Tbdft1Ow:0
[   21957ms] [ERROR] Mixed Content: The page at 'https://www.geeksforgeeks.org/dsa/top-50-string-coding-problems-for-interviews/' was loaded over HTTPS, but requested an insecure frame 'http://sync.pmbmonetize.live/psync?t=s&e=247&gdpr=&gdpr_consent=&us_privacy=&gpp=&gpp_sid=&cb=https%3A%2F%2Fcookies.nextmillmedia.com%2Fsetuid%3Fbidder%3Dadipolo%26nmuid%3D%26gdpr%3D%26gdpr_consent%3D%26us_privacy%3D%26uid%3D%25USER_ID%25'. This request has been blocked; the content must be served over HTTPS. @ https://cookies.nextmillmedia.com/sync?gdpr=&gdpr_consent=&us_privacy=&redirect=https%3A%2F%2Fus.shb-sync.com%2F7b20ca16-e71f-4a95-b7c4-7e2776ef102b.gif%3Fpuid%3D%5BNMUID%5D:42
[   22398ms] [ERROR] Failed to load resource: net::ERR_TOO_MANY_REDIRECTS @ https://match.sharethrough.com/universal/v1?supply_id=Tbdft1Ow:0
[    7338ms] [ERROR] Failed to load resource: net::ERR_CONNECTION_REFUSED @ https://cs.nex8.net/cs/openx:0
[    7379ms] [ERROR] Failed to load resource: net::ERR_NAME_NOT_RESOLVED @ https://dps.jp.cinarra.com/pxd?PLATFORM_ID=1&USER_ID=33bca37f-6fd6-825f-fb19-6afe0d8ea282:0
[   10486ms] [ERROR] Failed to load resource: net::ERR_NAME_NOT_RESOLVED @ https://match.rundsp.com/redirect?ex=openx:0
[   22695ms] [ERROR] Failed to load resource: net::ERR_NAME_NOT_RESOLVED @ https://j.mrpdata.net/c.html?ex=OpenX:0
[   23316ms] [ERROR] Failed to load resource: the server responded with a status of 422 () @ https://match.sharethrough.com/FGMrCMMc/v1?redirectUri=https%3A%2F%2Fsync.sparteo.com%2Fsetuid%3Fpslabel%3Dnull%26bidder%3Dsharethrough%26gdpr%3D0%26gdpr_consent%3D1%26us_privacy%3D%26gpp%3D%26gpp_sid%3D%26f%3Di%26uid%3D%24UID&gdpr=0&gdpr_consent=1&us_privacy=:0
[   23319ms] [ERROR] Failed to load resource: the server responded with a status of 400 () @ https://cs.ingage.tech/v1/sync/equative/3f4fcee4-515b-4f54-9b20-181abb5cc110?uid=:0
[   23580ms] [ERROR] Failed to load resource: net::ERR_SOCKET_NOT_CONNECTED @ https://tracker.pgamrtb.com/sync?id=4&uid=64333135-946b-4f31-a028-bbec591d1cbb-6a054de0-494e&gdpr=0&gdpr_consent=:0
[   24137ms] [ERROR] Failed to load resource: net::ERR_CONNECTION_REFUSED @ https://secure.adnxs.com/getuid?https%3A%2F%2Fsync.cootlogix.com%2Fapi%2Fcookie%3FpartnerId%3Dappnexus%26userId%3D%24UID%26gdpr%3D%26gdpr_consent%3D%26us_privacy%3D&gdpr=&gdpr_consent=:0
[    7338ms] [ERROR] Failed to load resource: net::ERR_CONNECTION_REFUSED @ https://cs.nex8.net/cs/openx:0
[    7379ms] [ERROR] Failed to load resource: net::ERR_NAME_NOT_RESOLVED @ https://dps.jp.cinarra.com/pxd?PLATFORM_ID=1&USER_ID=33bca37f-6fd6-825f-fb19-6afe0d8ea282:0
[   10486ms] [ERROR] Failed to load resource: net::ERR_NAME_NOT_RESOLVED @ https://match.rundsp.com/redirect?ex=openx:0
[   22695ms] [ERROR] Failed to load resource: net::ERR_NAME_NOT_RESOLVED @ https://j.mrpdata.net/c.html?ex=OpenX:0
[   24515ms] [ERROR] Failed to load resource: net::ERR_NAME_NOT_RESOLVED @ https://j.mrpdata.net/c.html?ex=OpenX:0
[   15247ms] [ERROR] Failed to load resource: net::ERR_CONNECTION_REFUSED @ https://secure.adnxs.com/getuid?https%3A%2F%2Frtb-csync.smartadserver.com%2Fredir%2F%3Fissi%3D1%26partnerid%3D86%26partneruserid%3D$UID&gdpr=0&gdpr_consent=:0
[    9287ms] [ERROR] Failed to load resource: net::ERR_CONNECTION_REFUSED @ https://c.bing.com/c.gif?anx_uid=6936101776509003842&Red3=AN3PMS_pd&gdpr=0&gdpr_consent=:0
[    9410ms] [ERROR] Failed to load resource: net::ERR_CONNECTION_REFUSED @ https://c.bing.com/c.gif?anx_uid=6936101776509003842&Red3=AN3PMS_pd&gdpr=0&gdpr_consent=:0
[    9433ms] [ERROR] Failed to load resource: net::ERR_CONNECTION_REFUSED @ https://c.bing.com/c.gif?anx_uid=6936101776509003842&Red3=MSAN_pd&gdpr=&gdpr_consent=:0
[    9594ms] [ERROR] Failed to load resource: net::ERR_CONNECTION_REFUSED @ https://c.bing.com/c.gif?anx_uid=6936101776509003842&Red3=MSAN_pd&gdpr=&gdpr_consent=:0
[    9676ms] [ERROR] Failed to load resource: net::ERR_NAME_NOT_RESOLVED @ https://sync.search.spotxchange.com/partner?adv_id=7715&uid=6936101776509003842:0
[    9915ms] [ERROR] Failed to load resource: net::ERR_CONNECTION_REFUSED @ https://secure.adnxs.com/setuid?entity=399&code=78f454a8-ae8e-4b78-bc39-e3ec239cd141&gdpr=0&us_privacy=${US_PRIVACY}:0
[    9960ms] [ERROR] Failed to load resource: net::ERR_CONNECTION_REFUSED @ https://secure.adnxs.com/setuid?entity=91&code=6645484191038263843&gdpr=0&gdpr_consent=:0
[   10452ms] [ERROR] Failed to load resource: net::ERR_CONNECTION_REFUSED @ https://c.bing.com/c.gif?anx_uid=6936101776509003842&Red3=AN3PMS_pd&gdpr=0&gdpr_consent=:0
[   14158ms] [ERROR] Failed to load resource: the server responded with a status of 404 () @ https://cs-server-s2s.yellowblue.io/[RED]:0
[   15530ms] [ERROR] Failed to load resource: the server responded with a status of 404 () @ https://cs-server-s2s.yellowblue.io/[RED]:0
[   10756ms] [ERROR] Failed to load resource: net::ERR_CONNECTION_REFUSED @ https://secure.adnxs.com/getuidnb?https%3A%2F%2Fpixel.rubiconproject.com%2Ftap.php%3Fv%3D4894%26nid%3D1986%26put%3D$UID%26expires%3D30&gdpr=0:0
[   10756ms] [ERROR] Failed to load resource: net::ERR_CONNECTION_REFUSED @ https://secure.adnxs.com/getuidnb?https%3A%2F%2Fpixel.rubiconproject.com%2Ftap.php%3Fv%3D4894%26nid%3D1986%26put%3D$UID%26expires%3D30&gdpr=0:0
[   10756ms] [ERROR] Failed to load resource: net::ERR_CONNECTION_REFUSED @ https://secure.adnxs.com/getuidnb?https%3A%2F%2Fpixel.rubiconproject.com%2Ftap.php%3Fv%3D4894%26nid%3D1986%26put%3D$UID%26expires%3D30&gdpr=0:0
[   10756ms] [ERROR] Failed to load resource: net::ERR_CONNECTION_REFUSED @ https://secure.adnxs.com/getuidnb?https%3A%2F%2Fpixel.rubiconproject.com%2Ftap.php%3Fv%3D4894%26nid%3D1986%26put%3D$UID%26expires%3D30&gdpr=0:0
[   10756ms] [ERROR] Failed to load resource: net::ERR_CONNECTION_REFUSED @ https://secure.adnxs.com/getuidnb?https%3A%2F%2Fpixel.rubiconproject.com%2Ftap.php%3Fv%3D4894%26nid%3D1986%26put%3D$UID%26expires%3D30&gdpr=0:0
[   10756ms] [ERROR] Failed to load resource: net::ERR_CONNECTION_REFUSED @ https://secure.adnxs.com/getuidnb?https%3A%2F%2Fpixel.rubiconproject.com%2Ftap.php%3Fv%3D4894%26nid%3D1986%26put%3D$UID%26expires%3D30&gdpr=0:0
[   10756ms] [ERROR] Failed to load resource: net::ERR_CONNECTION_REFUSED @ https://secure.adnxs.com/getuidnb?https%3A%2F%2Fpixel.rubiconproject.com%2Ftap.php%3Fv%3D4894%26nid%3D1986%26put%3D$UID%26expires%3D30&gdpr=0:0
[   10756ms] [ERROR] Failed to load resource: net::ERR_CONNECTION_REFUSED @ https://secure.adnxs.com/getuidnb?https%3A%2F%2Fpixel.rubiconproject.com%2Ftap.php%3Fv%3D4894%26nid%3D1986%26put%3D$UID%26expires%3D30&gdpr=0:0
[   10756ms] [ERROR] Failed to load resource: net::ERR_CONNECTION_REFUSED @ https://secure.adnxs.com/getuidnb?https%3A%2F%2Fpixel.rubiconproject.com%2Ftap.php%3Fv%3D4894%26nid%3D1986%26put%3D$UID%26expires%3D30&gdpr=0:0
[   10756ms] [ERROR] Failed to load resource: net::ERR_CONNECTION_REFUSED @ https://secure.adnxs.com/getuidnb?https%3A%2F%2Fpixel.rubiconproject.com%2Ftap.php%3Fv%3D4894%26nid%3D1986%26put%3D$UID%26expires%3D30&gdpr=0:0
[   18028ms] [ERROR] Failed to load resource: the server responded with a status of 404 () @ https://ittpx.eskimi.com/sync?sp_id=82&gdpr=${GDPR}&gdpr_consent=${GDPR_CONSENT}&us_privacy=${US_PRIVACY}&gpp=${GPP}&gpp_sid=${GPP_SID}:0
[   18702ms] [ERROR] Failed to load resource: net::ERR_SOCKET_NOT_CONNECTED @ https://tracker.rtb-oveeo.com/sync?id=187&amp;uid=6a91dea8-acc9-422e-b2a6-c97fcb68200b:0
[   10756ms] [ERROR] Failed to load resource: net::ERR_CONNECTION_REFUSED @ https://secure.adnxs.com/getuidnb?https%3A%2F%2Fpixel.rubiconproject.com%2Ftap.php%3Fv%3D4894%26nid%3D1986%26put%3D$UID%26expires%3D30&gdpr=0:0
[   10756ms] [ERROR] Failed to load resource: net::ERR_CONNECTION_REFUSED @ https://secure.adnxs.com/getuidnb?https%3A%2F%2Fpixel.rubiconproject.com%2Ftap.php%3Fv%3D4894%26nid%3D1986%26put%3D$UID%26expires%3D30&gdpr=0:0
[   10756ms] [ERROR] Failed to load resource: net::ERR_CONNECTION_REFUSED @ https://secure.adnxs.com/getuidnb?https%3A%2F%2Fpixel.rubiconproject.com%2Ftap.php%3Fv%3D4894%26nid%3D1986%26put%3D$UID%26expires%3D30&gdpr=0:0
[   10756ms] [ERROR] Failed to load resource: net::ERR_CONNECTION_REFUSED @ https://secure.adnxs.com/getuidnb?https%3A%2F%2Fpixel.rubiconproject.com%2Ftap.php%3Fv%3D4894%26nid%3D1986%26put%3D$UID%26expires%3D30&gdpr=0:0
[   18028ms] [ERROR] Failed to load resource: the server responded with a status of 404 () @ https://ittpx.eskimi.com/sync?sp_id=82&gdpr=${GDPR}&gdpr_consent=${GDPR_CONSENT}&us_privacy=${US_PRIVACY}&gpp=${GPP}&gpp_sid=${GPP_SID}:0
[   18702ms] [ERROR] Failed to load resource: net::ERR_SOCKET_NOT_CONNECTED @ https://tracker.rtb-oveeo.com/sync?id=187&amp;uid=6a91dea8-acc9-422e-b2a6-c97fcb68200b:0
[   23319ms] [ERROR] Failed to load resource: the server responded with a status of 400 () @ https://cs.ingage.tech/v1/sync/equative/3f4fcee4-515b-4f54-9b20-181abb5cc110?uid=:0
[   23733ms] [ERROR] Failed to load resource: the server responded with a status of 403 () @ chrome-error://chromewebdata/:0
[   23743ms] [ERROR] Refused to display 'https://csync-apac.smilewanted.com/' in a frame because it set 'X-Frame-Options' to 'sameorigin'. @ chrome-error://chromewebdata/:0
[    7338ms] [ERROR] Failed to load resource: net::ERR_CONNECTION_REFUSED @ https://cs.nex8.net/cs/openx:0
[    7379ms] [ERROR] Failed to load resource: net::ERR_NAME_NOT_RESOLVED @ https://dps.jp.cinarra.com/pxd?PLATFORM_ID=1&USER_ID=33bca37f-6fd6-825f-fb19-6afe0d8ea282:0
[   10486ms] [ERROR] Failed to load resource: net::ERR_NAME_NOT_RESOLVED @ https://match.rundsp.com/redirect?ex=openx:0
[   22695ms] [ERROR] Failed to load resource: net::ERR_NAME_NOT_RESOLVED @ https://j.mrpdata.net/c.html?ex=OpenX:0
[   24515ms] [ERROR] Failed to load resource: net::ERR_NAME_NOT_RESOLVED @ https://j.mrpdata.net/c.html?ex=OpenX:0
[   14158ms] [ERROR] Failed to load resource: the server responded with a status of 404 () @ https://cs-server-s2s.yellowblue.io/[RED]:0
[   15530ms] [ERROR] Failed to load resource: the server responded with a status of 404 () @ https://cs-server-s2s.yellowblue.io/[RED]:0
[    7338ms] [ERROR] Failed to load resource: net::ERR_CONNECTION_REFUSED @ https://cs.nex8.net/cs/openx:0
[    7379ms] [ERROR] Failed to load resource: net::ERR_NAME_NOT_RESOLVED @ https://dps.jp.cinarra.com/pxd?PLATFORM_ID=1&USER_ID=33bca37f-6fd6-825f-fb19-6afe0d8ea282:0
[   10486ms] [ERROR] Failed to load resource: net::ERR_NAME_NOT_RESOLVED @ https://match.rundsp.com/redirect?ex=openx:0
[   22695ms] [ERROR] Failed to load resource: net::ERR_NAME_NOT_RESOLVED @ https://j.mrpdata.net/c.html?ex=OpenX:0
[   24515ms] [ERROR] Failed to load resource: net::ERR_NAME_NOT_RESOLVED @ https://j.mrpdata.net/c.html?ex=OpenX:0
[   10756ms] [ERROR] Failed to load resource: net::ERR_CONNECTION_REFUSED @ https://secure.adnxs.com/getuidnb?https%3A%2F%2Fpixel.rubiconproject.com%2Ftap.php%3Fv%3D4894%26nid%3D1986%26put%3D$UID%26expires%3D30&gdpr=0:0
[    7338ms] [ERROR] Failed to load resource: net::ERR_CONNECTION_REFUSED @ https://cs.nex8.net/cs/openx:0
[    7379ms] [ERROR] Failed to load resource: net::ERR_NAME_NOT_RESOLVED @ https://dps.jp.cinarra.com/pxd?PLATFORM_ID=1&USER_ID=33bca37f-6fd6-825f-fb19-6afe0d8ea282:0
[   10486ms] [ERROR] Failed to load resource: net::ERR_NAME_NOT_RESOLVED @ https://match.rundsp.com/redirect?ex=openx:0
[   22695ms] [ERROR] Failed to load resource: net::ERR_NAME_NOT_RESOLVED @ https://j.mrpdata.net/c.html?ex=OpenX:0
[   24515ms] [ERROR] Failed to load resource: net::ERR_NAME_NOT_RESOLVED @ https://j.mrpdata.net/c.html?ex=OpenX:0
[   21957ms] [ERROR] Mixed Content: The page at 'https://www.geeksforgeeks.org/dsa/top-50-string-coding-problems-for-interviews/' was loaded over HTTPS, but requested an insecure frame 'http://sync.pmbmonetize.live/psync?t=s&e=247&gdpr=&gdpr_consent=&us_privacy=&gpp=&gpp_sid=&cb=https%3A%2F%2Fcookies.nextmillmedia.com%2Fsetuid%3Fbidder%3Dadipolo%26nmuid%3D%26gdpr%3D%26gdpr_consent%3D%26us_privacy%3D%26uid%3D%25USER_ID%25'. This request has been blocked; the content must be served over HTTPS. @ https://cookies.nextmillmedia.com/sync?gdpr=&gdpr_consent=&us_privacy=&redirect=https%3A%2F%2Fus.shb-sync.com%2F7b20ca16-e71f-4a95-b7c4-7e2776ef102b.gif%3Fpuid%3D%5BNMUID%5D:42
[   27573ms] [ERROR] Failed to load resource: net::ERR_TOO_MANY_REDIRECTS @ https://cs.pgammedia.com/bf4103da5f0fb6ae0166419ea1a784aa.gif?gdpr=$$[GDPR]&gdpr_consent=$$[GDPR_CONSENT]&us_privacy=$[CCPA]&uid=$f9b7902d-1eed-4686-8046-0af907cffc26&cookie_age=$[COOKIE_AGE]:0
[   27806ms] [ERROR] Failed to load resource: net::ERR_TOO_MANY_REDIRECTS @ https://cs.pgammedia.com/bf4103da5f0fb6ae0166419ea1a784aa.gif?gdpr=$$[GDPR]&gdpr_consent=$$[GDPR_CONSENT]&us_privacy=$[CCPA]&uid=$f9b7902d-1eed-4686-8046-0af907cffc26&cookie_age=$[COOKIE_AGE]:0
[   30966ms] [ERROR] Failed to load resource: the server responded with a status of 400 () @ https://match.prod.bidr.io/cookie-sync/richaudience?gdpr=0&gdpr_consent=1:0
[   18513ms] [ERROR] Failed to load resource: net::ERR_CONNECTION_REFUSED @ https://secure.adnxs.com/getuid?https%3A%2F%2Fsync.kueezrtb.com%2Fapi%2Fcookie%3FpartnerId%3Dkueez-xandr%26userId%3D%24UID%26gdpr%3D%26gdpr_consent%3D%26us_privacy%3D&gdpr=&gdpr_consent=:0
[   18549ms] [ERROR] Failed to load resource: net::ERR_CONNECTION_REFUSED @ https://secure.adnxs.com/getuid?https%3A%2F%2Fsync.kueezrtb.com%2Fapi%2Fcookie%3FpartnerId%3Dkueez-xandr%26userId%3D%24UID%26gdpr%3D%26gdpr_consent%3D%26us_privacy%3D&gdpr=&gdpr_consent=:0
[   34741ms] [ERROR] Failed to load resource: net::ERR_CONNECTION_REFUSED @ https://secure.adnxs.com/getuid?https%3A%2F%2Fsync.kueezrtb.com%2Fapi%2Fcookie%3FpartnerId%3Dkueez-xandr%26userId%3D%24UID%26gdpr%3D%26gdpr_consent%3D%26us_privacy%3D&gdpr=&gdpr_consent=:0
[   34453ms] [ERROR] Failed to load resource: the server responded with a status of 404 (Not Found) @ https://sync.colossusssp.com/83cc494f58882e299834b487aefedebe.gif?puid=669e9bb2aaf074dd9e077ec4&gdpr=0&gdpr_consent=&gpp=&gpp_sid=&us_privacy=&redir=https%3A%2F%2Fsync.aniview.com%2Fcookiesyncendpoint%3Fbiddername%3D99%26pid%3D647d094ab25f77b976032245%26auid%3D%26gdpr%3D0%26gdpr_consent%3D%26key%3D%5BUID%5D:0
[   23316ms] [ERROR] Failed to load resource: the server responded with a status of 422 () @ https://match.sharethrough.com/FGMrCMMc/v1?redirectUri=https%3A%2F%2Fsync.sparteo.com%2Fsetuid%3Fpslabel%3Dnull%26bidder%3Dsharethrough%26gdpr%3D0%26gdpr_consent%3D1%26us_privacy%3D%26gpp%3D%26gpp_sid%3D%26f%3Di%26uid%3D%24UID&gdpr=0&gdpr_consent=1&us_privacy=:0
[   34893ms] [ERROR] Failed to load resource: net::ERR_CONNECTION_REFUSED @ https://secure.adnxs.com/getuid?https%3a%2f%2fssp-sync.criteo.com%2fuser-sync%2fmatch%3fp%3dxHcHzF93Y3ElMkZqa0FHWDVsMUdudSUyQjhGdWtJS0VMSXNiSlZ6OEhqOHZEVXJtUm8yWSUzRA%26u%3d%24UID&gdpr=&gdpr_consent=:0
[   14158ms] [ERROR] Failed to load resource: the server responded with a status of 404 () @ https://cs-server-s2s.yellowblue.io/[RED]:0
[   15530ms] [ERROR] Failed to load resource: the server responded with a status of 404 () @ https://cs-server-s2s.yellowblue.io/[RED]:0
[   10756ms] [ERROR] Failed to load resource: net::ERR_CONNECTION_REFUSED @ https://secure.adnxs.com/getuidnb?https%3A%2F%2Fpixel.rubiconproject.com%2Ftap.php%3Fv%3D4894%26nid%3D1986%26put%3D$UID%26expires%3D30&gdpr=0:0
[    9287ms] [ERROR] Failed to load resource: net::ERR_CONNECTION_REFUSED @ https://c.bing.com/c.gif?anx_uid=6936101776509003842&Red3=AN3PMS_pd&gdpr=0&gdpr_consent=:0
[    9410ms] [ERROR] Failed to load resource: net::ERR_CONNECTION_REFUSED @ https://c.bing.com/c.gif?anx_uid=6936101776509003842&Red3=AN3PMS_pd&gdpr=0&gdpr_consent=:0
[    9433ms] [ERROR] Failed to load resource: net::ERR_CONNECTION_REFUSED @ https://c.bing.com/c.gif?anx_uid=6936101776509003842&Red3=MSAN_pd&gdpr=&gdpr_consent=:0
[    9594ms] [ERROR] Failed to load resource: net::ERR_CONNECTION_REFUSED @ https://c.bing.com/c.gif?anx_uid=6936101776509003842&Red3=MSAN_pd&gdpr=&gdpr_consent=:0
[    9676ms] [ERROR] Failed to load resource: net::ERR_NAME_NOT_RESOLVED @ https://sync.search.spotxchange.com/partner?adv_id=7715&uid=6936101776509003842:0
[    9915ms] [ERROR] Failed to load resource: net::ERR_CONNECTION_REFUSED @ https://secure.adnxs.com/setuid?entity=399&code=78f454a8-ae8e-4b78-bc39-e3ec239cd141&gdpr=0&us_privacy=${US_PRIVACY}:0
[    9960ms] [ERROR] Failed to load resource: net::ERR_CONNECTION_REFUSED @ https://secure.adnxs.com/setuid?entity=91&code=6645484191038263843&gdpr=0&gdpr_consent=:0
[   10452ms] [ERROR] Failed to load resource: net::ERR_CONNECTION_REFUSED @ https://c.bing.com/c.gif?anx_uid=6936101776509003842&Red3=AN3PMS_pd&gdpr=0&gdpr_consent=:0
[   10756ms] [ERROR] Failed to load resource: net::ERR_CONNECTION_REFUSED @ https://secure.adnxs.com/getuidnb?https%3A%2F%2Fpixel.rubiconproject.com%2Ftap.php%3Fv%3D4894%26nid%3D1986%26put%3D$UID%26expires%3D30&gdpr=0:0
[   10756ms] [ERROR] Failed to load resource: net::ERR_CONNECTION_REFUSED @ https://secure.adnxs.com/getuidnb?https%3A%2F%2Fpixel.rubiconproject.com%2Ftap.php%3Fv%3D4894%26nid%3D1986%26put%3D$UID%26expires%3D30&gdpr=0:0
[   10756ms] [ERROR] Failed to load resource: net::ERR_CONNECTION_REFUSED @ https://secure.adnxs.com/getuidnb?https%3A%2F%2Fpixel.rubiconproject.com%2Ftap.php%3Fv%3D4894%26nid%3D1986%26put%3D$UID%26expires%3D30&gdpr=0:0
[   10756ms] [ERROR] Failed to load resource: net::ERR_CONNECTION_REFUSED @ https://secure.adnxs.com/getuidnb?https%3A%2F%2Fpixel.rubiconproject.com%2Ftap.php%3Fv%3D4894%26nid%3D1986%26put%3D$UID%26expires%3D30&gdpr=0:0
[   10756ms] [ERROR] Failed to load resource: net::ERR_CONNECTION_REFUSED @ https://secure.adnxs.com/getuidnb?https%3A%2F%2Fpixel.rubiconproject.com%2Ftap.php%3Fv%3D4894%26nid%3D1986%26put%3D$UID%26expires%3D30&gdpr=0:0
[   35327ms] [ERROR] Failed to load resource: net::ERR_NAME_NOT_RESOLVED @ https://cs.iqzone.com/1092f8787f1b733028860f25be048027.gif?puid=28018388-0981-4bcb-a82f-e51238ac37a5&redir=https%3A%2F%2Fms-cookie-sync.presage.io%2Fuser-sync%3Fiqzone_id%3D%5BUID%5D%26gdpr%3D0%26gdpr_consent%3D&gdpr=0&gdpr_consent=:0
[   35737ms] [ERROR] Failed to load resource: the server responded with a status of 422 () @ https://match.sharethrough.com/FGMrCMMc/v1?redirectUri=https%3A%2F%2Fsync.sparteo.com%2Fsetuid%3Fpslabel%3Dnull%26bidder%3Dsharethrough%26gdpr%3D0%26gdpr_consent%3D%26us_privacy%3D%26gpp%3D%26gpp_sid%3D%26f%3Di%26uid%3D%24UID&gdpr=0&gdpr_consent=&us_privacy=:0
[   10756ms] [ERROR] Failed to load resource: net::ERR_CONNECTION_REFUSED @ https://secure.adnxs.com/getuidnb?https%3A%2F%2Fpixel.rubiconproject.com%2Ftap.php%3Fv%3D4894%26nid%3D1986%26put%3D$UID%26expires%3D30&gdpr=0:0
[    7338ms] [ERROR] Failed to load resource: net::ERR_CONNECTION_REFUSED @ https://cs.nex8.net/cs/openx:0
[    7379ms] [ERROR] Failed to load resource: net::ERR_NAME_NOT_RESOLVED @ https://dps.jp.cinarra.com/pxd?PLATFORM_ID=1&USER_ID=33bca37f-6fd6-825f-fb19-6afe0d8ea282:0
[   10486ms] [ERROR] Failed to load resource: net::ERR_NAME_NOT_RESOLVED @ https://match.rundsp.com/redirect?ex=openx:0
[   22695ms] [ERROR] Failed to load resource: net::ERR_NAME_NOT_RESOLVED @ https://j.mrpdata.net/c.html?ex=OpenX:0
[   24515ms] [ERROR] Failed to load resource: net::ERR_NAME_NOT_RESOLVED @ https://j.mrpdata.net/c.html?ex=OpenX:0
[   14158ms] [ERROR] Failed to load resource: the server responded with a status of 404 () @ https://cs-server-s2s.yellowblue.io/[RED]:0
[   15530ms] [ERROR] Failed to load resource: the server responded with a status of 404 () @ https://cs-server-s2s.yellowblue.io/[RED]:0
[   10756ms] [ERROR] Failed to load resource: net::ERR_CONNECTION_REFUSED @ https://secure.adnxs.com/getuidnb?https%3A%2F%2Fpixel.rubiconproject.com%2Ftap.php%3Fv%3D4894%26nid%3D1986%26put%3D$UID%26expires%3D30&gdpr=0:0
[   36891ms] [ERROR] Failed to load resource: the server responded with a status of 404 (Not Found) @ https://b1sync.zemanta.com/usersync/ogury/?gdpr=0&gdpr_consent=&cb=https%3A%2F%2Fms-cookie-sync.presage.io%2Fuser-sync%3Foutbrain_id%3D__ZUID__:0
[   35327ms] [ERROR] Failed to load resource: net::ERR_NAME_NOT_RESOLVED @ https://cs.iqzone.com/1092f8787f1b733028860f25be048027.gif?puid=28018388-0981-4bcb-a82f-e51238ac37a5&redir=https%3A%2F%2Fms-cookie-sync.presage.io%2Fuser-sync%3Fiqzone_id%3D%5BUID%5D%26gdpr%3D0%26gdpr_consent%3D&gdpr=0&gdpr_consent=:0
[   36891ms] [ERROR] Failed to load resource: the server responded with a status of 404 (Not Found) @ https://b1sync.zemanta.com/usersync/ogury/?gdpr=0&gdpr_consent=&cb=https%3A%2F%2Fms-cookie-sync.presage.io%2Fuser-sync%3Foutbrain_id%3D__ZUID__:0
