[    1611ms] [INFO] %cDownload the React DevTools for a better development experience: https://react.dev/link/react-devtools font-weight:bold @ http://localhost:4000/node_modules/.vite/deps/react-dom_client.js?v=1721c6aa:14337
[    1656ms] [WARNING] [tanstack-router] These exports from "/home/rashid/projects/personal/dsa-inventory/src/routes/learn.patterns.tsx" will not be code-split and will increase your bundle size:
- PatternsPage
For the best optimization, these items should either have their export statements removed, or be imported from another location that is not a route file. @ http://localhost:4000/src/routes/__root.tsx?t=1778930012410:194
[  300968ms] [LOG] [vite] server connection lost. Polling for restart... @ http://localhost:4000/src/routes/__root.tsx?t=1778930012410:194
[  300986ms] [ERROR] Failed to load resource: net::ERR_INCOMPLETE_CHUNKED_ENCODING @ http://localhost:4000/__tsd/console-pipe/sse:0
[  301078ms] [ERROR] Failed to load resource: net::ERR_CONNECTION_REFUSED @ http://localhost:4000/__tsd/console-pipe:0
[  303988ms] [ERROR] Failed to load resource: net::ERR_CONNECTION_REFUSED @ http://localhost:4000/__tsd/console-pipe/sse:0
[  306991ms] [ERROR] Failed to load resource: net::ERR_CONNECTION_REFUSED @ http://localhost:4000/__tsd/console-pipe/sse:0
[  309993ms] [ERROR] Failed to load resource: net::ERR_CONNECTION_REFUSED @ http://localhost:4000/__tsd/console-pipe/sse:0
[  312995ms] [ERROR] Failed to load resource: net::ERR_CONNECTION_REFUSED @ http://localhost:4000/__tsd/console-pipe/sse:0
[  315997ms] [ERROR] Failed to load resource: net::ERR_CONNECTION_REFUSED @ http://localhost:4000/__tsd/console-pipe/sse:0
[  319019ms] [ERROR] Failed to load resource: net::ERR_CONNECTION_REFUSED @ http://localhost:4000/__tsd/console-pipe/sse:0
[  322468ms] [ERROR] Failed to load resource: net::ERR_CONNECTION_REFUSED @ http://localhost:4000/__tsd/console-pipe/sse:0
[  325470ms] [ERROR] Failed to load resource: net::ERR_CONNECTION_REFUSED @ http://localhost:4000/__tsd/console-pipe/sse:0
[  328472ms] [ERROR] Failed to load resource: net::ERR_CONNECTION_REFUSED @ http://localhost:4000/__tsd/console-pipe/sse:0
[  331474ms] [ERROR] Failed to load resource: net::ERR_CONNECTION_REFUSED @ http://localhost:4000/__tsd/console-pipe/sse:0
[  334476ms] [ERROR] Failed to load resource: net::ERR_CONNECTION_REFUSED @ http://localhost:4000/__tsd/console-pipe/sse:0
[  337478ms] [ERROR] Failed to load resource: net::ERR_CONNECTION_REFUSED @ http://localhost:4000/__tsd/console-pipe/sse:0
[  340482ms] [ERROR] Failed to load resource: net::ERR_CONNECTION_REFUSED @ http://localhost:4000/__tsd/console-pipe/sse:0
[  343484ms] [ERROR] Failed to load resource: net::ERR_CONNECTION_REFUSED @ http://localhost:4000/__tsd/console-pipe/sse:0
[  346486ms] [ERROR] Failed to load resource: net::ERR_CONNECTION_REFUSED @ http://localhost:4000/__tsd/console-pipe/sse:0
[  349488ms] [ERROR] Failed to load resource: net::ERR_CONNECTION_REFUSED @ http://localhost:4000/__tsd/console-pipe/sse:0
[  352490ms] [ERROR] Failed to load resource: net::ERR_CONNECTION_REFUSED @ http://localhost:4000/__tsd/console-pipe/sse:0
[  356016ms] [ERROR] Failed to load resource: net::ERR_CONNECTION_REFUSED @ http://localhost:4000/__tsd/console-pipe/sse:0
[  359018ms] [ERROR] Failed to load resource: net::ERR_CONNECTION_REFUSED @ http://localhost:4000/__tsd/console-pipe/sse:0
[  362021ms] [ERROR] Failed to load resource: net::ERR_CONNECTION_REFUSED @ http://localhost:4000/__tsd/console-pipe/sse:0
[  365024ms] [ERROR] Failed to load resource: net::ERR_CONNECTION_REFUSED @ http://localhost:4000/__tsd/console-pipe/sse:0
[  368026ms] [ERROR] Failed to load resource: net::ERR_CONNECTION_REFUSED @ http://localhost:4000/__tsd/console-pipe/sse:0
[  371028ms] [ERROR] Failed to load resource: net::ERR_CONNECTION_REFUSED @ http://localhost:4000/__tsd/console-pipe/sse:0
[  374030ms] [ERROR] Failed to load resource: net::ERR_CONNECTION_REFUSED @ http://localhost:4000/__tsd/console-pipe/sse:0
[  377033ms] [ERROR] Failed to load resource: net::ERR_CONNECTION_REFUSED @ http://localhost:4000/__tsd/console-pipe/sse:0
[  380035ms] [ERROR] Failed to load resource: net::ERR_CONNECTION_REFUSED @ http://localhost:4000/__tsd/console-pipe/sse:0
[  383037ms] [ERROR] Failed to load resource: net::ERR_CONNECTION_REFUSED @ http://localhost:4000/__tsd/console-pipe/sse:0
[  386040ms] [ERROR] Failed to load resource: net::ERR_CONNECTION_REFUSED @ http://localhost:4000/__tsd/console-pipe/sse:0
[  389477ms] [ERROR] Failed to load resource: net::ERR_CONNECTION_REFUSED @ http://localhost:4000/__tsd/console-pipe/sse:0
[  392482ms] [ERROR] Failed to load resource: net::ERR_CONNECTION_REFUSED @ http://localhost:4000/__tsd/console-pipe/sse:0
[  395484ms] [ERROR] Failed to load resource: net::ERR_CONNECTION_REFUSED @ http://localhost:4000/__tsd/console-pipe/sse:0
[  398486ms] [ERROR] Failed to load resource: net::ERR_CONNECTION_REFUSED @ http://localhost:4000/__tsd/console-pipe/sse:0
[  401488ms] [ERROR] Failed to load resource: net::ERR_CONNECTION_REFUSED @ http://localhost:4000/__tsd/console-pipe/sse:0
[  404490ms] [ERROR] Failed to load resource: net::ERR_CONNECTION_REFUSED @ http://localhost:4000/__tsd/console-pipe/sse:0
[  407492ms] [ERROR] Failed to load resource: net::ERR_CONNECTION_REFUSED @ http://localhost:4000/__tsd/console-pipe/sse:0
[  410494ms] [ERROR] Failed to load resource: net::ERR_CONNECTION_REFUSED @ http://localhost:4000/__tsd/console-pipe/sse:0
[  413496ms] [ERROR] Failed to load resource: net::ERR_CONNECTION_REFUSED @ http://localhost:4000/__tsd/console-pipe/sse:0
[  416498ms] [ERROR] Failed to load resource: net::ERR_CONNECTION_REFUSED @ http://localhost:4000/__tsd/console-pipe/sse:0
[  419501ms] [ERROR] Failed to load resource: net::ERR_CONNECTION_REFUSED @ http://localhost:4000/__tsd/console-pipe/sse:0
[  422945ms] [ERROR] Failed to load resource: net::ERR_CONNECTION_REFUSED @ http://localhost:4000/__tsd/console-pipe/sse:0
[  425950ms] [ERROR] Failed to load resource: net::ERR_CONNECTION_REFUSED @ http://localhost:4000/__tsd/console-pipe/sse:0
[  428952ms] [ERROR] Failed to load resource: net::ERR_CONNECTION_REFUSED @ http://localhost:4000/__tsd/console-pipe/sse:0
[  431954ms] [ERROR] Failed to load resource: net::ERR_CONNECTION_REFUSED @ http://localhost:4000/__tsd/console-pipe/sse:0
[  434956ms] [ERROR] Failed to load resource: net::ERR_CONNECTION_REFUSED @ http://localhost:4000/__tsd/console-pipe/sse:0
[  437958ms] [ERROR] Failed to load resource: net::ERR_CONNECTION_REFUSED @ http://localhost:4000/__tsd/console-pipe/sse:0
[  440960ms] [ERROR] Failed to load resource: net::ERR_CONNECTION_REFUSED @ http://localhost:4000/__tsd/console-pipe/sse:0
[  443962ms] [ERROR] Failed to load resource: net::ERR_CONNECTION_REFUSED @ http://localhost:4000/__tsd/console-pipe/sse:0
[  446965ms] [ERROR] Failed to load resource: net::ERR_CONNECTION_REFUSED @ http://localhost:4000/__tsd/console-pipe/sse:0
[  449967ms] [ERROR] Failed to load resource: net::ERR_CONNECTION_REFUSED @ http://localhost:4000/__tsd/console-pipe/sse:0
[  452970ms] [ERROR] Failed to load resource: net::ERR_CONNECTION_REFUSED @ http://localhost:4000/__tsd/console-pipe/sse:0
[  456400ms] [ERROR] Failed to load resource: net::ERR_CONNECTION_REFUSED @ http://localhost:4000/__tsd/console-pipe/sse:0
[  459404ms] [ERROR] Failed to load resource: net::ERR_CONNECTION_REFUSED @ http://localhost:4000/__tsd/console-pipe/sse:0
[  462407ms] [ERROR] Failed to load resource: net::ERR_CONNECTION_REFUSED @ http://localhost:4000/__tsd/console-pipe/sse:0
[  465410ms] [ERROR] Failed to load resource: net::ERR_CONNECTION_REFUSED @ http://localhost:4000/__tsd/console-pipe/sse:0
[  468412ms] [ERROR] Failed to load resource: net::ERR_CONNECTION_REFUSED @ http://localhost:4000/__tsd/console-pipe/sse:0
[  471414ms] [ERROR] Failed to load resource: net::ERR_CONNECTION_REFUSED @ http://localhost:4000/__tsd/console-pipe/sse:0
[  474426ms] [ERROR] Failed to load resource: net::ERR_CONNECTION_REFUSED @ http://localhost:4000/__tsd/console-pipe/sse:0
[  477428ms] [ERROR] Failed to load resource: net::ERR_CONNECTION_REFUSED @ http://localhost:4000/__tsd/console-pipe/sse:0
[  480430ms] [ERROR] Failed to load resource: net::ERR_CONNECTION_REFUSED @ http://localhost:4000/__tsd/console-pipe/sse:0
[  483435ms] [ERROR] Failed to load resource: net::ERR_CONNECTION_REFUSED @ http://localhost:4000/__tsd/console-pipe/sse:0
[  486438ms] [ERROR] Failed to load resource: net::ERR_CONNECTION_REFUSED @ http://localhost:4000/__tsd/console-pipe/sse:0
[  489853ms] [ERROR] Failed to load resource: net::ERR_CONNECTION_REFUSED @ http://localhost:4000/__tsd/console-pipe/sse:0
[  492855ms] [ERROR] Failed to load resource: net::ERR_CONNECTION_REFUSED @ http://localhost:4000/__tsd/console-pipe/sse:0
[  495857ms] [ERROR] Failed to load resource: net::ERR_CONNECTION_REFUSED @ http://localhost:4000/__tsd/console-pipe/sse:0
[  498861ms] [ERROR] Failed to load resource: net::ERR_CONNECTION_REFUSED @ http://localhost:4000/__tsd/console-pipe/sse:0
[  501863ms] [ERROR] Failed to load resource: net::ERR_CONNECTION_REFUSED @ http://localhost:4000/__tsd/console-pipe/sse:0
[  504865ms] [ERROR] Failed to load resource: net::ERR_CONNECTION_REFUSED @ http://localhost:4000/__tsd/console-pipe/sse:0
[  507867ms] [ERROR] Failed to load resource: net::ERR_CONNECTION_REFUSED @ http://localhost:4000/__tsd/console-pipe/sse:0
[  510868ms] [ERROR] Failed to load resource: net::ERR_CONNECTION_REFUSED @ http://localhost:4000/__tsd/console-pipe/sse:0
[  513871ms] [ERROR] Failed to load resource: net::ERR_CONNECTION_REFUSED @ http://localhost:4000/__tsd/console-pipe/sse:0
[  516872ms] [ERROR] Failed to load resource: net::ERR_CONNECTION_REFUSED @ http://localhost:4000/__tsd/console-pipe/sse:0
[  520279ms] [ERROR] Failed to load resource: net::ERR_CONNECTION_REFUSED @ http://localhost:4000/__tsd/console-pipe/sse:0
[  523281ms] [ERROR] Failed to load resource: net::ERR_CONNECTION_REFUSED @ http://localhost:4000/__tsd/console-pipe/sse:0
[  526283ms] [ERROR] Failed to load resource: net::ERR_CONNECTION_REFUSED @ http://localhost:4000/__tsd/console-pipe/sse:0
[  529285ms] [ERROR] Failed to load resource: net::ERR_CONNECTION_REFUSED @ http://localhost:4000/__tsd/console-pipe/sse:0
[  532287ms] [ERROR] Failed to load resource: net::ERR_CONNECTION_REFUSED @ http://localhost:4000/__tsd/console-pipe/sse:0
[  535288ms] [ERROR] Failed to load resource: net::ERR_CONNECTION_REFUSED @ http://localhost:4000/__tsd/console-pipe/sse:0
[  538291ms] [ERROR] Failed to load resource: net::ERR_CONNECTION_REFUSED @ http://localhost:4000/__tsd/console-pipe/sse:0
[  541293ms] [ERROR] Failed to load resource: net::ERR_CONNECTION_REFUSED @ http://localhost:4000/__tsd/console-pipe/sse:0
[  544295ms] [ERROR] Failed to load resource: net::ERR_CONNECTION_REFUSED @ http://localhost:4000/__tsd/console-pipe/sse:0
[  547298ms] [ERROR] Failed to load resource: net::ERR_CONNECTION_REFUSED @ http://localhost:4000/__tsd/console-pipe/sse:0
[  550301ms] [ERROR] Failed to load resource: net::ERR_CONNECTION_REFUSED @ http://localhost:4000/__tsd/console-pipe/sse:0
[  553306ms] [ERROR] Failed to load resource: net::ERR_CONNECTION_REFUSED @ http://localhost:4000/__tsd/console-pipe/sse:0
[  556308ms] [ERROR] Failed to load resource: net::ERR_CONNECTION_REFUSED @ http://localhost:4000/__tsd/console-pipe/sse:0
[  559311ms] [ERROR] Failed to load resource: net::ERR_CONNECTION_REFUSED @ http://localhost:4000/__tsd/console-pipe/sse:0
[  562313ms] [ERROR] Failed to load resource: net::ERR_CONNECTION_REFUSED @ http://localhost:4000/__tsd/console-pipe/sse:0
[  565322ms] [ERROR] Failed to load resource: net::ERR_CONNECTION_REFUSED @ http://localhost:4000/__tsd/console-pipe/sse:0
[  568329ms] [ERROR] Failed to load resource: net::ERR_CONNECTION_REFUSED @ http://localhost:4000/__tsd/console-pipe/sse:0
[  571342ms] [ERROR] Failed to load resource: net::ERR_CONNECTION_REFUSED @ http://localhost:4000/__tsd/console-pipe/sse:0
[  574346ms] [ERROR] Failed to load resource: net::ERR_CONNECTION_REFUSED @ http://localhost:4000/__tsd/console-pipe/sse:0
[  577348ms] [ERROR] Failed to load resource: net::ERR_CONNECTION_REFUSED @ http://localhost:4000/__tsd/console-pipe/sse:0
[  580356ms] [ERROR] Failed to load resource: net::ERR_CONNECTION_REFUSED @ http://localhost:4000/__tsd/console-pipe/sse:0
[  583358ms] [ERROR] Failed to load resource: net::ERR_CONNECTION_REFUSED @ http://localhost:4000/__tsd/console-pipe/sse:0
[  586360ms] [ERROR] Failed to load resource: net::ERR_CONNECTION_REFUSED @ http://localhost:4000/__tsd/console-pipe/sse:0
[  589362ms] [ERROR] Failed to load resource: net::ERR_CONNECTION_REFUSED @ http://localhost:4000/__tsd/console-pipe/sse:0
[  592364ms] [ERROR] Failed to load resource: net::ERR_CONNECTION_REFUSED @ http://localhost:4000/__tsd/console-pipe/sse:0
[  595367ms] [ERROR] Failed to load resource: net::ERR_CONNECTION_REFUSED @ http://localhost:4000/__tsd/console-pipe/sse:0
[  598369ms] [ERROR] Failed to load resource: net::ERR_CONNECTION_REFUSED @ http://localhost:4000/__tsd/console-pipe/sse:0
[  601371ms] [ERROR] Failed to load resource: net::ERR_CONNECTION_REFUSED @ http://localhost:4000/__tsd/console-pipe/sse:0
[  604373ms] [ERROR] Failed to load resource: net::ERR_CONNECTION_REFUSED @ http://localhost:4000/__tsd/console-pipe/sse:0
[  607376ms] [ERROR] Failed to load resource: net::ERR_CONNECTION_REFUSED @ http://localhost:4000/__tsd/console-pipe/sse:0
[  610378ms] [ERROR] Failed to load resource: net::ERR_CONNECTION_REFUSED @ http://localhost:4000/__tsd/console-pipe/sse:0
[  613380ms] [ERROR] Failed to load resource: net::ERR_CONNECTION_REFUSED @ http://localhost:4000/__tsd/console-pipe/sse:0
[  616382ms] [ERROR] Failed to load resource: net::ERR_CONNECTION_REFUSED @ http://localhost:4000/__tsd/console-pipe/sse:0
[  619385ms] [ERROR] Failed to load resource: net::ERR_CONNECTION_REFUSED @ http://localhost:4000/__tsd/console-pipe/sse:0
[  622387ms] [ERROR] Failed to load resource: net::ERR_CONNECTION_REFUSED @ http://localhost:4000/__tsd/console-pipe/sse:0
[  625401ms] [ERROR] Failed to load resource: net::ERR_CONNECTION_REFUSED @ http://localhost:4000/__tsd/console-pipe/sse:0
[  628403ms] [ERROR] Failed to load resource: net::ERR_CONNECTION_REFUSED @ http://localhost:4000/__tsd/console-pipe/sse:0
[  631421ms] [ERROR] Failed to load resource: net::ERR_CONNECTION_REFUSED @ http://localhost:4000/__tsd/console-pipe/sse:0
[  634424ms] [ERROR] Failed to load resource: net::ERR_CONNECTION_REFUSED @ http://localhost:4000/__tsd/console-pipe/sse:0
[  637429ms] [ERROR] Failed to load resource: net::ERR_CONNECTION_REFUSED @ http://localhost:4000/__tsd/console-pipe/sse:0
[  640434ms] [ERROR] Failed to load resource: net::ERR_CONNECTION_REFUSED @ http://localhost:4000/__tsd/console-pipe/sse:0
[  643437ms] [ERROR] Failed to load resource: net::ERR_CONNECTION_REFUSED @ http://localhost:4000/__tsd/console-pipe/sse:0
[  646458ms] [ERROR] Failed to load resource: net::ERR_CONNECTION_REFUSED @ http://localhost:4000/__tsd/console-pipe/sse:0
[  649462ms] [ERROR] Failed to load resource: net::ERR_CONNECTION_REFUSED @ http://localhost:4000/__tsd/console-pipe/sse:0
[  652464ms] [ERROR] Failed to load resource: net::ERR_CONNECTION_REFUSED @ http://localhost:4000/__tsd/console-pipe/sse:0
[  655466ms] [ERROR] Failed to load resource: net::ERR_CONNECTION_REFUSED @ http://localhost:4000/__tsd/console-pipe/sse:0
[  658468ms] [ERROR] Failed to load resource: net::ERR_CONNECTION_REFUSED @ http://localhost:4000/__tsd/console-pipe/sse:0
[  661470ms] [ERROR] Failed to load resource: net::ERR_CONNECTION_REFUSED @ http://localhost:4000/__tsd/console-pipe/sse:0
[  664473ms] [ERROR] Failed to load resource: net::ERR_CONNECTION_REFUSED @ http://localhost:4000/__tsd/console-pipe/sse:0
[  667475ms] [ERROR] Failed to load resource: net::ERR_CONNECTION_REFUSED @ http://localhost:4000/__tsd/console-pipe/sse:0
[  670477ms] [ERROR] Failed to load resource: net::ERR_CONNECTION_REFUSED @ http://localhost:4000/__tsd/console-pipe/sse:0
[  673480ms] [ERROR] Failed to load resource: net::ERR_CONNECTION_REFUSED @ http://localhost:4000/__tsd/console-pipe/sse:0
[  676483ms] [ERROR] Failed to load resource: net::ERR_CONNECTION_REFUSED @ http://localhost:4000/__tsd/console-pipe/sse:0
[  679486ms] [ERROR] Failed to load resource: net::ERR_CONNECTION_REFUSED @ http://localhost:4000/__tsd/console-pipe/sse:0
[  682489ms] [ERROR] Failed to load resource: net::ERR_CONNECTION_REFUSED @ http://localhost:4000/__tsd/console-pipe/sse:0
[  685492ms] [ERROR] Failed to load resource: net::ERR_CONNECTION_REFUSED @ http://localhost:4000/__tsd/console-pipe/sse:0
[  688494ms] [ERROR] Failed to load resource: net::ERR_CONNECTION_REFUSED @ http://localhost:4000/__tsd/console-pipe/sse:0
[  691499ms] [ERROR] Failed to load resource: net::ERR_CONNECTION_REFUSED @ http://localhost:4000/__tsd/console-pipe/sse:0
[  694501ms] [ERROR] Failed to load resource: net::ERR_CONNECTION_REFUSED @ http://localhost:4000/__tsd/console-pipe/sse:0
[  697504ms] [ERROR] Failed to load resource: net::ERR_CONNECTION_REFUSED @ http://localhost:4000/__tsd/console-pipe/sse:0
[  700506ms] [ERROR] Failed to load resource: net::ERR_CONNECTION_REFUSED @ http://localhost:4000/__tsd/console-pipe/sse:0
[  703507ms] [ERROR] Failed to load resource: net::ERR_CONNECTION_REFUSED @ http://localhost:4000/__tsd/console-pipe/sse:0
[  706509ms] [ERROR] Failed to load resource: net::ERR_CONNECTION_REFUSED @ http://localhost:4000/__tsd/console-pipe/sse:0
[  709511ms] [ERROR] Failed to load resource: net::ERR_CONNECTION_REFUSED @ http://localhost:4000/__tsd/console-pipe/sse:0
[  712514ms] [ERROR] Failed to load resource: net::ERR_CONNECTION_REFUSED @ http://localhost:4000/__tsd/console-pipe/sse:0
[  715516ms] [ERROR] Failed to load resource: net::ERR_CONNECTION_REFUSED @ http://localhost:4000/__tsd/console-pipe/sse:0
[  718519ms] [ERROR] Failed to load resource: net::ERR_CONNECTION_REFUSED @ http://localhost:4000/__tsd/console-pipe/sse:0
[  721523ms] [ERROR] Failed to load resource: net::ERR_CONNECTION_REFUSED @ http://localhost:4000/__tsd/console-pipe/sse:0
[  724525ms] [ERROR] Failed to load resource: net::ERR_CONNECTION_REFUSED @ http://localhost:4000/__tsd/console-pipe/sse:0
[  727527ms] [ERROR] Failed to load resource: net::ERR_CONNECTION_REFUSED @ http://localhost:4000/__tsd/console-pipe/sse:0
[  730530ms] [ERROR] Failed to load resource: net::ERR_CONNECTION_REFUSED @ http://localhost:4000/__tsd/console-pipe/sse:0
[  733532ms] [ERROR] Failed to load resource: net::ERR_CONNECTION_REFUSED @ http://localhost:4000/__tsd/console-pipe/sse:0
[  736535ms] [ERROR] Failed to load resource: net::ERR_CONNECTION_REFUSED @ http://localhost:4000/__tsd/console-pipe/sse:0
[  739538ms] [ERROR] Failed to load resource: net::ERR_CONNECTION_REFUSED @ http://localhost:4000/__tsd/console-pipe/sse:0
[  742540ms] [ERROR] Failed to load resource: net::ERR_CONNECTION_REFUSED @ http://localhost:4000/__tsd/console-pipe/sse:0
[  745543ms] [ERROR] Failed to load resource: net::ERR_CONNECTION_REFUSED @ http://localhost:4000/__tsd/console-pipe/sse:0
[  748545ms] [ERROR] Failed to load resource: net::ERR_CONNECTION_REFUSED @ http://localhost:4000/__tsd/console-pipe/sse:0
[  751547ms] [ERROR] Failed to load resource: net::ERR_CONNECTION_REFUSED @ http://localhost:4000/__tsd/console-pipe/sse:0
[  754549ms] [ERROR] Failed to load resource: net::ERR_CONNECTION_REFUSED @ http://localhost:4000/__tsd/console-pipe/sse:0
[  757552ms] [ERROR] Failed to load resource: net::ERR_CONNECTION_REFUSED @ http://localhost:4000/__tsd/console-pipe/sse:0
[  760553ms] [ERROR] Failed to load resource: net::ERR_CONNECTION_REFUSED @ http://localhost:4000/__tsd/console-pipe/sse:0
[  763555ms] [ERROR] Failed to load resource: net::ERR_CONNECTION_REFUSED @ http://localhost:4000/__tsd/console-pipe/sse:0
[  766561ms] [ERROR] Failed to load resource: net::ERR_CONNECTION_REFUSED @ http://localhost:4000/__tsd/console-pipe/sse:0
[  769563ms] [ERROR] Failed to load resource: net::ERR_CONNECTION_REFUSED @ http://localhost:4000/__tsd/console-pipe/sse:0
[  772565ms] [ERROR] Failed to load resource: net::ERR_CONNECTION_REFUSED @ http://localhost:4000/__tsd/console-pipe/sse:0
[  775567ms] [ERROR] Failed to load resource: net::ERR_CONNECTION_REFUSED @ http://localhost:4000/__tsd/console-pipe/sse:0
[  778569ms] [ERROR] Failed to load resource: net::ERR_CONNECTION_REFUSED @ http://localhost:4000/__tsd/console-pipe/sse:0
[  781572ms] [ERROR] Failed to load resource: net::ERR_CONNECTION_REFUSED @ http://localhost:4000/__tsd/console-pipe/sse:0
[  784575ms] [ERROR] Failed to load resource: net::ERR_CONNECTION_REFUSED @ http://localhost:4000/__tsd/console-pipe/sse:0
[  787577ms] [ERROR] Failed to load resource: net::ERR_CONNECTION_REFUSED @ http://localhost:4000/__tsd/console-pipe/sse:0
[  790579ms] [ERROR] Failed to load resource: net::ERR_CONNECTION_REFUSED @ http://localhost:4000/__tsd/console-pipe/sse:0
[  793581ms] [ERROR] Failed to load resource: net::ERR_CONNECTION_REFUSED @ http://localhost:4000/__tsd/console-pipe/sse:0
[  796584ms] [ERROR] Failed to load resource: net::ERR_CONNECTION_REFUSED @ http://localhost:4000/__tsd/console-pipe/sse:0
[  799586ms] [ERROR] Failed to load resource: net::ERR_CONNECTION_REFUSED @ http://localhost:4000/__tsd/console-pipe/sse:0
[  802588ms] [ERROR] Failed to load resource: net::ERR_CONNECTION_REFUSED @ http://localhost:4000/__tsd/console-pipe/sse:0
[  805590ms] [ERROR] Failed to load resource: net::ERR_CONNECTION_REFUSED @ http://localhost:4000/__tsd/console-pipe/sse:0
[  808592ms] [ERROR] Failed to load resource: net::ERR_CONNECTION_REFUSED @ http://localhost:4000/__tsd/console-pipe/sse:0
[  811595ms] [ERROR] Failed to load resource: net::ERR_CONNECTION_REFUSED @ http://localhost:4000/__tsd/console-pipe/sse:0
[  814597ms] [ERROR] Failed to load resource: net::ERR_CONNECTION_REFUSED @ http://localhost:4000/__tsd/console-pipe/sse:0
[  817599ms] [ERROR] Failed to load resource: net::ERR_CONNECTION_REFUSED @ http://localhost:4000/__tsd/console-pipe/sse:0
[  820601ms] [ERROR] Failed to load resource: net::ERR_CONNECTION_REFUSED @ http://localhost:4000/__tsd/console-pipe/sse:0
[  823603ms] [ERROR] Failed to load resource: net::ERR_CONNECTION_REFUSED @ http://localhost:4000/__tsd/console-pipe/sse:0
[  826605ms] [ERROR] Failed to load resource: net::ERR_CONNECTION_REFUSED @ http://localhost:4000/__tsd/console-pipe/sse:0
[  829607ms] [ERROR] Failed to load resource: net::ERR_CONNECTION_REFUSED @ http://localhost:4000/__tsd/console-pipe/sse:0
[  832610ms] [ERROR] Failed to load resource: net::ERR_CONNECTION_REFUSED @ http://localhost:4000/__tsd/console-pipe/sse:0
[  835612ms] [ERROR] Failed to load resource: net::ERR_CONNECTION_REFUSED @ http://localhost:4000/__tsd/console-pipe/sse:0
[  838613ms] [ERROR] Failed to load resource: net::ERR_CONNECTION_REFUSED @ http://localhost:4000/__tsd/console-pipe/sse:0
[  841615ms] [ERROR] Failed to load resource: net::ERR_CONNECTION_REFUSED @ http://localhost:4000/__tsd/console-pipe/sse:0
[  844617ms] [ERROR] Failed to load resource: net::ERR_CONNECTION_REFUSED @ http://localhost:4000/__tsd/console-pipe/sse:0
[  847620ms] [ERROR] Failed to load resource: net::ERR_CONNECTION_REFUSED @ http://localhost:4000/__tsd/console-pipe/sse:0
[  850621ms] [ERROR] Failed to load resource: net::ERR_CONNECTION_REFUSED @ http://localhost:4000/__tsd/console-pipe/sse:0
[  853623ms] [ERROR] Failed to load resource: net::ERR_CONNECTION_REFUSED @ http://localhost:4000/__tsd/console-pipe/sse:0
[  856624ms] [ERROR] Failed to load resource: net::ERR_CONNECTION_REFUSED @ http://localhost:4000/__tsd/console-pipe/sse:0
[  859626ms] [ERROR] Failed to load resource: net::ERR_CONNECTION_REFUSED @ http://localhost:4000/__tsd/console-pipe/sse:0
[  862628ms] [ERROR] Failed to load resource: net::ERR_CONNECTION_REFUSED @ http://localhost:4000/__tsd/console-pipe/sse:0
[  865630ms] [ERROR] Failed to load resource: net::ERR_CONNECTION_REFUSED @ http://localhost:4000/__tsd/console-pipe/sse:0
[  868633ms] [ERROR] Failed to load resource: net::ERR_CONNECTION_REFUSED @ http://localhost:4000/__tsd/console-pipe/sse:0
[  871637ms] [ERROR] Failed to load resource: net::ERR_CONNECTION_REFUSED @ http://localhost:4000/__tsd/console-pipe/sse:0
[  874639ms] [ERROR] Failed to load resource: net::ERR_CONNECTION_REFUSED @ http://localhost:4000/__tsd/console-pipe/sse:0
[  877640ms] [ERROR] Failed to load resource: net::ERR_CONNECTION_REFUSED @ http://localhost:4000/__tsd/console-pipe/sse:0
[  880643ms] [ERROR] Failed to load resource: net::ERR_CONNECTION_REFUSED @ http://localhost:4000/__tsd/console-pipe/sse:0
[  883644ms] [ERROR] Failed to load resource: net::ERR_CONNECTION_REFUSED @ http://localhost:4000/__tsd/console-pipe/sse:0
[  886646ms] [ERROR] Failed to load resource: net::ERR_CONNECTION_REFUSED @ http://localhost:4000/__tsd/console-pipe/sse:0
[  889648ms] [ERROR] Failed to load resource: net::ERR_CONNECTION_REFUSED @ http://localhost:4000/__tsd/console-pipe/sse:0
[  892650ms] [ERROR] Failed to load resource: net::ERR_CONNECTION_REFUSED @ http://localhost:4000/__tsd/console-pipe/sse:0
[  895652ms] [ERROR] Failed to load resource: net::ERR_CONNECTION_REFUSED @ http://localhost:4000/__tsd/console-pipe/sse:0
[  898663ms] [ERROR] Failed to load resource: net::ERR_CONNECTION_REFUSED @ http://localhost:4000/__tsd/console-pipe/sse:0
[  901664ms] [ERROR] Failed to load resource: net::ERR_CONNECTION_REFUSED @ http://localhost:4000/__tsd/console-pipe/sse:0
[  904666ms] [ERROR] Failed to load resource: net::ERR_CONNECTION_REFUSED @ http://localhost:4000/__tsd/console-pipe/sse:0
[  907667ms] [ERROR] Failed to load resource: net::ERR_CONNECTION_REFUSED @ http://localhost:4000/__tsd/console-pipe/sse:0
[  910669ms] [ERROR] Failed to load resource: net::ERR_CONNECTION_REFUSED @ http://localhost:4000/__tsd/console-pipe/sse:0
[  913671ms] [ERROR] Failed to load resource: net::ERR_CONNECTION_REFUSED @ http://localhost:4000/__tsd/console-pipe/sse:0
[  916673ms] [ERROR] Failed to load resource: net::ERR_CONNECTION_REFUSED @ http://localhost:4000/__tsd/console-pipe/sse:0
[  919675ms] [ERROR] Failed to load resource: net::ERR_CONNECTION_REFUSED @ http://localhost:4000/__tsd/console-pipe/sse:0
[  922677ms] [ERROR] Failed to load resource: net::ERR_CONNECTION_REFUSED @ http://localhost:4000/__tsd/console-pipe/sse:0
[  925678ms] [ERROR] Failed to load resource: net::ERR_CONNECTION_REFUSED @ http://localhost:4000/__tsd/console-pipe/sse:0
[  928680ms] [ERROR] Failed to load resource: net::ERR_CONNECTION_REFUSED @ http://localhost:4000/__tsd/console-pipe/sse:0
[  931682ms] [ERROR] Failed to load resource: net::ERR_CONNECTION_REFUSED @ http://localhost:4000/__tsd/console-pipe/sse:0
[  934683ms] [ERROR] Failed to load resource: net::ERR_CONNECTION_REFUSED @ http://localhost:4000/__tsd/console-pipe/sse:0
[  937685ms] [ERROR] Failed to load resource: net::ERR_CONNECTION_REFUSED @ http://localhost:4000/__tsd/console-pipe/sse:0
[  940687ms] [ERROR] Failed to load resource: net::ERR_CONNECTION_REFUSED @ http://localhost:4000/__tsd/console-pipe/sse:0
[  943689ms] [ERROR] Failed to load resource: net::ERR_CONNECTION_REFUSED @ http://localhost:4000/__tsd/console-pipe/sse:0
[  946691ms] [ERROR] Failed to load resource: net::ERR_CONNECTION_REFUSED @ http://localhost:4000/__tsd/console-pipe/sse:0
[  949692ms] [ERROR] Failed to load resource: net::ERR_CONNECTION_REFUSED @ http://localhost:4000/__tsd/console-pipe/sse:0
[  952694ms] [ERROR] Failed to load resource: net::ERR_CONNECTION_REFUSED @ http://localhost:4000/__tsd/console-pipe/sse:0
[  955696ms] [ERROR] Failed to load resource: net::ERR_CONNECTION_REFUSED @ http://localhost:4000/__tsd/console-pipe/sse:0
[  958697ms] [ERROR] Failed to load resource: net::ERR_CONNECTION_REFUSED @ http://localhost:4000/__tsd/console-pipe/sse:0
[  961699ms] [ERROR] Failed to load resource: net::ERR_CONNECTION_REFUSED @ http://localhost:4000/__tsd/console-pipe/sse:0
[  964703ms] [ERROR] Failed to load resource: net::ERR_CONNECTION_REFUSED @ http://localhost:4000/__tsd/console-pipe/sse:0
[  967705ms] [ERROR] Failed to load resource: net::ERR_CONNECTION_REFUSED @ http://localhost:4000/__tsd/console-pipe/sse:0
[  970712ms] [ERROR] Failed to load resource: net::ERR_CONNECTION_REFUSED @ http://localhost:4000/__tsd/console-pipe/sse:0
[  973714ms] [ERROR] Failed to load resource: net::ERR_CONNECTION_REFUSED @ http://localhost:4000/__tsd/console-pipe/sse:0
[  976716ms] [ERROR] Failed to load resource: net::ERR_CONNECTION_REFUSED @ http://localhost:4000/__tsd/console-pipe/sse:0
[  979718ms] [ERROR] Failed to load resource: net::ERR_CONNECTION_REFUSED @ http://localhost:4000/__tsd/console-pipe/sse:0
[  982719ms] [ERROR] Failed to load resource: net::ERR_CONNECTION_REFUSED @ http://localhost:4000/__tsd/console-pipe/sse:0
[  985721ms] [ERROR] Failed to load resource: net::ERR_CONNECTION_REFUSED @ http://localhost:4000/__tsd/console-pipe/sse:0
[  988723ms] [ERROR] Failed to load resource: net::ERR_CONNECTION_REFUSED @ http://localhost:4000/__tsd/console-pipe/sse:0
[  991725ms] [ERROR] Failed to load resource: net::ERR_CONNECTION_REFUSED @ http://localhost:4000/__tsd/console-pipe/sse:0
[  994727ms] [ERROR] Failed to load resource: net::ERR_CONNECTION_REFUSED @ http://localhost:4000/__tsd/console-pipe/sse:0
[  997730ms] [ERROR] Failed to load resource: net::ERR_CONNECTION_REFUSED @ http://localhost:4000/__tsd/console-pipe/sse:0
[ 1000732ms] [ERROR] Failed to load resource: net::ERR_CONNECTION_REFUSED @ http://localhost:4000/__tsd/console-pipe/sse:0
[ 1003735ms] [ERROR] Failed to load resource: net::ERR_CONNECTION_REFUSED @ http://localhost:4000/__tsd/console-pipe/sse:0
[ 1006737ms] [ERROR] Failed to load resource: net::ERR_CONNECTION_REFUSED @ http://localhost:4000/__tsd/console-pipe/sse:0
[ 1009739ms] [ERROR] Failed to load resource: net::ERR_CONNECTION_REFUSED @ http://localhost:4000/__tsd/console-pipe/sse:0
[ 1012741ms] [ERROR] Failed to load resource: net::ERR_CONNECTION_REFUSED @ http://localhost:4000/__tsd/console-pipe/sse:0
[ 1015742ms] [ERROR] Failed to load resource: net::ERR_CONNECTION_REFUSED @ http://localhost:4000/__tsd/console-pipe/sse:0
[ 1018744ms] [ERROR] Failed to load resource: net::ERR_CONNECTION_REFUSED @ http://localhost:4000/__tsd/console-pipe/sse:0
[ 1021746ms] [ERROR] Failed to load resource: net::ERR_CONNECTION_REFUSED @ http://localhost:4000/__tsd/console-pipe/sse:0
[ 1024748ms] [ERROR] Failed to load resource: net::ERR_CONNECTION_REFUSED @ http://localhost:4000/__tsd/console-pipe/sse:0
[ 1027750ms] [ERROR] Failed to load resource: net::ERR_CONNECTION_REFUSED @ http://localhost:4000/__tsd/console-pipe/sse:0
[ 1030751ms] [ERROR] Failed to load resource: net::ERR_CONNECTION_REFUSED @ http://localhost:4000/__tsd/console-pipe/sse:0
[ 1033753ms] [ERROR] Failed to load resource: net::ERR_CONNECTION_REFUSED @ http://localhost:4000/__tsd/console-pipe/sse:0
[ 1036754ms] [ERROR] Failed to load resource: net::ERR_CONNECTION_REFUSED @ http://localhost:4000/__tsd/console-pipe/sse:0
[ 1039756ms] [ERROR] Failed to load resource: net::ERR_CONNECTION_REFUSED @ http://localhost:4000/__tsd/console-pipe/sse:0
[ 1042764ms] [ERROR] Failed to load resource: net::ERR_CONNECTION_REFUSED @ http://localhost:4000/__tsd/console-pipe/sse:0
[ 1045766ms] [ERROR] Failed to load resource: net::ERR_CONNECTION_REFUSED @ http://localhost:4000/__tsd/console-pipe/sse:0
[ 1048769ms] [ERROR] Failed to load resource: net::ERR_CONNECTION_REFUSED @ http://localhost:4000/__tsd/console-pipe/sse:0
[ 1051771ms] [ERROR] Failed to load resource: net::ERR_CONNECTION_REFUSED @ http://localhost:4000/__tsd/console-pipe/sse:0
[ 1054772ms] [ERROR] Failed to load resource: net::ERR_CONNECTION_REFUSED @ http://localhost:4000/__tsd/console-pipe/sse:0
[ 1057774ms] [ERROR] Failed to load resource: net::ERR_CONNECTION_REFUSED @ http://localhost:4000/__tsd/console-pipe/sse:0
[ 1060776ms] [ERROR] Failed to load resource: net::ERR_CONNECTION_REFUSED @ http://localhost:4000/__tsd/console-pipe/sse:0
[ 1063778ms] [ERROR] Failed to load resource: net::ERR_CONNECTION_REFUSED @ http://localhost:4000/__tsd/console-pipe/sse:0
[ 1066780ms] [ERROR] Failed to load resource: net::ERR_CONNECTION_REFUSED @ http://localhost:4000/__tsd/console-pipe/sse:0
[ 1069782ms] [ERROR] Failed to load resource: net::ERR_CONNECTION_REFUSED @ http://localhost:4000/__tsd/console-pipe/sse:0
[ 1072784ms] [ERROR] Failed to load resource: net::ERR_CONNECTION_REFUSED @ http://localhost:4000/__tsd/console-pipe/sse:0
[ 1075785ms] [ERROR] Failed to load resource: net::ERR_CONNECTION_REFUSED @ http://localhost:4000/__tsd/console-pipe/sse:0
[ 1078787ms] [ERROR] Failed to load resource: net::ERR_CONNECTION_REFUSED @ http://localhost:4000/__tsd/console-pipe/sse:0
[ 1081789ms] [ERROR] Failed to load resource: net::ERR_CONNECTION_REFUSED @ http://localhost:4000/__tsd/console-pipe/sse:0
[ 1084791ms] [ERROR] Failed to load resource: net::ERR_CONNECTION_REFUSED @ http://localhost:4000/__tsd/console-pipe/sse:0
[ 1087793ms] [ERROR] Failed to load resource: net::ERR_CONNECTION_REFUSED @ http://localhost:4000/__tsd/console-pipe/sse:0
[ 1090795ms] [ERROR] Failed to load resource: net::ERR_CONNECTION_REFUSED @ http://localhost:4000/__tsd/console-pipe/sse:0
[ 1093797ms] [ERROR] Failed to load resource: net::ERR_CONNECTION_REFUSED @ http://localhost:4000/__tsd/console-pipe/sse:0
[ 1096799ms] [ERROR] Failed to load resource: net::ERR_CONNECTION_REFUSED @ http://localhost:4000/__tsd/console-pipe/sse:0
[ 1099800ms] [ERROR] Failed to load resource: net::ERR_CONNECTION_REFUSED @ http://localhost:4000/__tsd/console-pipe/sse:0
[ 1102802ms] [ERROR] Failed to load resource: net::ERR_CONNECTION_REFUSED @ http://localhost:4000/__tsd/console-pipe/sse:0
[ 1105804ms] [ERROR] Failed to load resource: net::ERR_CONNECTION_REFUSED @ http://localhost:4000/__tsd/console-pipe/sse:0
[ 1108806ms] [ERROR] Failed to load resource: net::ERR_CONNECTION_REFUSED @ http://localhost:4000/__tsd/console-pipe/sse:0
[ 1111808ms] [ERROR] Failed to load resource: net::ERR_CONNECTION_REFUSED @ http://localhost:4000/__tsd/console-pipe/sse:0
[ 1114809ms] [ERROR] Failed to load resource: net::ERR_CONNECTION_REFUSED @ http://localhost:4000/__tsd/console-pipe/sse:0
[ 1117811ms] [ERROR] Failed to load resource: net::ERR_CONNECTION_REFUSED @ http://localhost:4000/__tsd/console-pipe/sse:0
[ 1120813ms] [ERROR] Failed to load resource: net::ERR_CONNECTION_REFUSED @ http://localhost:4000/__tsd/console-pipe/sse:0
[ 1123814ms] [ERROR] Failed to load resource: net::ERR_CONNECTION_REFUSED @ http://localhost:4000/__tsd/console-pipe/sse:0
[ 1126816ms] [ERROR] Failed to load resource: net::ERR_CONNECTION_REFUSED @ http://localhost:4000/__tsd/console-pipe/sse:0
[ 1129818ms] [ERROR] Failed to load resource: net::ERR_CONNECTION_REFUSED @ http://localhost:4000/__tsd/console-pipe/sse:0
[ 1132820ms] [ERROR] Failed to load resource: net::ERR_CONNECTION_REFUSED @ http://localhost:4000/__tsd/console-pipe/sse:0
[ 1135822ms] [ERROR] Failed to load resource: net::ERR_CONNECTION_REFUSED @ http://localhost:4000/__tsd/console-pipe/sse:0
[ 1138824ms] [ERROR] Failed to load resource: net::ERR_CONNECTION_REFUSED @ http://localhost:4000/__tsd/console-pipe/sse:0
[ 1141827ms] [ERROR] Failed to load resource: net::ERR_CONNECTION_REFUSED @ http://localhost:4000/__tsd/console-pipe/sse:0
[ 1144830ms] [ERROR] Failed to load resource: net::ERR_CONNECTION_REFUSED @ http://localhost:4000/__tsd/console-pipe/sse:0
[ 1147832ms] [ERROR] Failed to load resource: net::ERR_CONNECTION_REFUSED @ http://localhost:4000/__tsd/console-pipe/sse:0
[ 1150834ms] [ERROR] Failed to load resource: net::ERR_CONNECTION_REFUSED @ http://localhost:4000/__tsd/console-pipe/sse:0
[ 1153836ms] [ERROR] Failed to load resource: net::ERR_CONNECTION_REFUSED @ http://localhost:4000/__tsd/console-pipe/sse:0
[ 1156837ms] [ERROR] Failed to load resource: net::ERR_CONNECTION_REFUSED @ http://localhost:4000/__tsd/console-pipe/sse:0
[ 1159842ms] [ERROR] Failed to load resource: net::ERR_CONNECTION_REFUSED @ http://localhost:4000/__tsd/console-pipe/sse:0
[ 1162844ms] [ERROR] Failed to load resource: net::ERR_CONNECTION_REFUSED @ http://localhost:4000/__tsd/console-pipe/sse:0
[ 1165845ms] [ERROR] Failed to load resource: net::ERR_CONNECTION_REFUSED @ http://localhost:4000/__tsd/console-pipe/sse:0
[ 1168847ms] [ERROR] Failed to load resource: net::ERR_CONNECTION_REFUSED @ http://localhost:4000/__tsd/console-pipe/sse:0
[ 1171849ms] [ERROR] Failed to load resource: net::ERR_CONNECTION_REFUSED @ http://localhost:4000/__tsd/console-pipe/sse:0
[ 1174851ms] [ERROR] Failed to load resource: net::ERR_CONNECTION_REFUSED @ http://localhost:4000/__tsd/console-pipe/sse:0
[ 1177852ms] [ERROR] Failed to load resource: net::ERR_CONNECTION_REFUSED @ http://localhost:4000/__tsd/console-pipe/sse:0
[ 1180854ms] [ERROR] Failed to load resource: net::ERR_CONNECTION_REFUSED @ http://localhost:4000/__tsd/console-pipe/sse:0
[ 1183855ms] [ERROR] Failed to load resource: net::ERR_CONNECTION_REFUSED @ http://localhost:4000/__tsd/console-pipe/sse:0
[ 1186857ms] [ERROR] Failed to load resource: net::ERR_CONNECTION_REFUSED @ http://localhost:4000/__tsd/console-pipe/sse:0
[ 1189858ms] [ERROR] Failed to load resource: net::ERR_CONNECTION_REFUSED @ http://localhost:4000/__tsd/console-pipe/sse:0
[ 1192860ms] [ERROR] Failed to load resource: net::ERR_CONNECTION_REFUSED @ http://localhost:4000/__tsd/console-pipe/sse:0
[ 1195862ms] [ERROR] Failed to load resource: net::ERR_CONNECTION_REFUSED @ http://localhost:4000/__tsd/console-pipe/sse:0
[ 1198863ms] [ERROR] Failed to load resource: net::ERR_CONNECTION_REFUSED @ http://localhost:4000/__tsd/console-pipe/sse:0
[ 1201865ms] [ERROR] Failed to load resource: net::ERR_CONNECTION_REFUSED @ http://localhost:4000/__tsd/console-pipe/sse:0
[ 1204867ms] [ERROR] Failed to load resource: net::ERR_CONNECTION_REFUSED @ http://localhost:4000/__tsd/console-pipe/sse:0
[ 1207869ms] [ERROR] Failed to load resource: net::ERR_CONNECTION_REFUSED @ http://localhost:4000/__tsd/console-pipe/sse:0
[ 1210871ms] [ERROR] Failed to load resource: net::ERR_CONNECTION_REFUSED @ http://localhost:4000/__tsd/console-pipe/sse:0
[ 1213872ms] [ERROR] Failed to load resource: net::ERR_CONNECTION_REFUSED @ http://localhost:4000/__tsd/console-pipe/sse:0
[ 1216874ms] [ERROR] Failed to load resource: net::ERR_CONNECTION_REFUSED @ http://localhost:4000/__tsd/console-pipe/sse:0
[ 1219876ms] [ERROR] Failed to load resource: net::ERR_CONNECTION_REFUSED @ http://localhost:4000/__tsd/console-pipe/sse:0
[ 1222878ms] [ERROR] Failed to load resource: net::ERR_CONNECTION_REFUSED @ http://localhost:4000/__tsd/console-pipe/sse:0
[ 1225882ms] [ERROR] Failed to load resource: net::ERR_CONNECTION_REFUSED @ http://localhost:4000/__tsd/console-pipe/sse:0
[ 1228884ms] [ERROR] Failed to load resource: net::ERR_CONNECTION_REFUSED @ http://localhost:4000/__tsd/console-pipe/sse:0
[ 1231886ms] [ERROR] Failed to load resource: net::ERR_CONNECTION_REFUSED @ http://localhost:4000/__tsd/console-pipe/sse:0
[ 1234888ms] [ERROR] Failed to load resource: net::ERR_CONNECTION_REFUSED @ http://localhost:4000/__tsd/console-pipe/sse:0
[ 1237891ms] [ERROR] Failed to load resource: net::ERR_CONNECTION_REFUSED @ http://localhost:4000/__tsd/console-pipe/sse:0
[ 1240893ms] [ERROR] Failed to load resource: net::ERR_CONNECTION_REFUSED @ http://localhost:4000/__tsd/console-pipe/sse:0
[ 1243895ms] [ERROR] Failed to load resource: net::ERR_CONNECTION_REFUSED @ http://localhost:4000/__tsd/console-pipe/sse:0
[ 1246897ms] [ERROR] Failed to load resource: net::ERR_CONNECTION_REFUSED @ http://localhost:4000/__tsd/console-pipe/sse:0
[ 1249899ms] [ERROR] Failed to load resource: net::ERR_CONNECTION_REFUSED @ http://localhost:4000/__tsd/console-pipe/sse:0
[ 1252900ms] [ERROR] Failed to load resource: net::ERR_CONNECTION_REFUSED @ http://localhost:4000/__tsd/console-pipe/sse:0
[ 1255902ms] [ERROR] Failed to load resource: net::ERR_CONNECTION_REFUSED @ http://localhost:4000/__tsd/console-pipe/sse:0
[ 1258904ms] [ERROR] Failed to load resource: net::ERR_CONNECTION_REFUSED @ http://localhost:4000/__tsd/console-pipe/sse:0
[ 1261906ms] [ERROR] Failed to load resource: net::ERR_CONNECTION_REFUSED @ http://localhost:4000/__tsd/console-pipe/sse:0
[ 1264908ms] [ERROR] Failed to load resource: net::ERR_CONNECTION_REFUSED @ http://localhost:4000/__tsd/console-pipe/sse:0
[ 1267910ms] [ERROR] Failed to load resource: net::ERR_CONNECTION_REFUSED @ http://localhost:4000/__tsd/console-pipe/sse:0
[ 1270912ms] [ERROR] Failed to load resource: net::ERR_CONNECTION_REFUSED @ http://localhost:4000/__tsd/console-pipe/sse:0
[ 1273914ms] [ERROR] Failed to load resource: net::ERR_CONNECTION_REFUSED @ http://localhost:4000/__tsd/console-pipe/sse:0
[ 1276916ms] [ERROR] Failed to load resource: net::ERR_CONNECTION_REFUSED @ http://localhost:4000/__tsd/console-pipe/sse:0
[ 1279918ms] [ERROR] Failed to load resource: net::ERR_CONNECTION_REFUSED @ http://localhost:4000/__tsd/console-pipe/sse:0
[ 1282920ms] [ERROR] Failed to load resource: net::ERR_CONNECTION_REFUSED @ http://localhost:4000/__tsd/console-pipe/sse:0
[ 1285923ms] [ERROR] Failed to load resource: net::ERR_CONNECTION_REFUSED @ http://localhost:4000/__tsd/console-pipe/sse:0
[ 1288926ms] [ERROR] Failed to load resource: net::ERR_CONNECTION_REFUSED @ http://localhost:4000/__tsd/console-pipe/sse:0
[ 1291928ms] [ERROR] Failed to load resource: net::ERR_CONNECTION_REFUSED @ http://localhost:4000/__tsd/console-pipe/sse:0
[ 1294929ms] [ERROR] Failed to load resource: net::ERR_CONNECTION_REFUSED @ http://localhost:4000/__tsd/console-pipe/sse:0
[ 1297931ms] [ERROR] Failed to load resource: net::ERR_CONNECTION_REFUSED @ http://localhost:4000/__tsd/console-pipe/sse:0
[ 1300933ms] [ERROR] Failed to load resource: net::ERR_CONNECTION_REFUSED @ http://localhost:4000/__tsd/console-pipe/sse:0
[ 1303935ms] [ERROR] Failed to load resource: net::ERR_CONNECTION_REFUSED @ http://localhost:4000/__tsd/console-pipe/sse:0
[ 1306937ms] [ERROR] Failed to load resource: net::ERR_CONNECTION_REFUSED @ http://localhost:4000/__tsd/console-pipe/sse:0
[ 1309939ms] [ERROR] Failed to load resource: net::ERR_CONNECTION_REFUSED @ http://localhost:4000/__tsd/console-pipe/sse:0
[ 1312941ms] [ERROR] Failed to load resource: net::ERR_CONNECTION_REFUSED @ http://localhost:4000/__tsd/console-pipe/sse:0
[ 1315942ms] [ERROR] Failed to load resource: net::ERR_CONNECTION_REFUSED @ http://localhost:4000/__tsd/console-pipe/sse:0
[ 1318944ms] [ERROR] Failed to load resource: net::ERR_CONNECTION_REFUSED @ http://localhost:4000/__tsd/console-pipe/sse:0
[ 1321946ms] [ERROR] Failed to load resource: net::ERR_CONNECTION_REFUSED @ http://localhost:4000/__tsd/console-pipe/sse:0
[ 1324948ms] [ERROR] Failed to load resource: net::ERR_CONNECTION_REFUSED @ http://localhost:4000/__tsd/console-pipe/sse:0
[ 1327950ms] [ERROR] Failed to load resource: net::ERR_CONNECTION_REFUSED @ http://localhost:4000/__tsd/console-pipe/sse:0
[ 1330952ms] [ERROR] Failed to load resource: net::ERR_CONNECTION_REFUSED @ http://localhost:4000/__tsd/console-pipe/sse:0
[ 1333954ms] [ERROR] Failed to load resource: net::ERR_CONNECTION_REFUSED @ http://localhost:4000/__tsd/console-pipe/sse:0
[ 1336956ms] [ERROR] Failed to load resource: net::ERR_CONNECTION_REFUSED @ http://localhost:4000/__tsd/console-pipe/sse:0
[ 1339957ms] [ERROR] Failed to load resource: net::ERR_CONNECTION_REFUSED @ http://localhost:4000/__tsd/console-pipe/sse:0
[ 1342959ms] [ERROR] Failed to load resource: net::ERR_CONNECTION_REFUSED @ http://localhost:4000/__tsd/console-pipe/sse:0
[ 1345961ms] [ERROR] Failed to load resource: net::ERR_CONNECTION_REFUSED @ http://localhost:4000/__tsd/console-pipe/sse:0
[ 1348962ms] [ERROR] Failed to load resource: net::ERR_CONNECTION_REFUSED @ http://localhost:4000/__tsd/console-pipe/sse:0
[ 1351964ms] [ERROR] Failed to load resource: net::ERR_CONNECTION_REFUSED @ http://localhost:4000/__tsd/console-pipe/sse:0
[ 1354966ms] [ERROR] Failed to load resource: net::ERR_CONNECTION_REFUSED @ http://localhost:4000/__tsd/console-pipe/sse:0
[ 1357968ms] [ERROR] Failed to load resource: net::ERR_CONNECTION_REFUSED @ http://localhost:4000/__tsd/console-pipe/sse:0
[ 1360969ms] [ERROR] Failed to load resource: net::ERR_CONNECTION_REFUSED @ http://localhost:4000/__tsd/console-pipe/sse:0
[ 1363971ms] [ERROR] Failed to load resource: net::ERR_CONNECTION_REFUSED @ http://localhost:4000/__tsd/console-pipe/sse:0
[ 1366973ms] [ERROR] Failed to load resource: net::ERR_CONNECTION_REFUSED @ http://localhost:4000/__tsd/console-pipe/sse:0
[ 1369975ms] [ERROR] Failed to load resource: net::ERR_CONNECTION_REFUSED @ http://localhost:4000/__tsd/console-pipe/sse:0
[ 1372976ms] [ERROR] Failed to load resource: net::ERR_CONNECTION_REFUSED @ http://localhost:4000/__tsd/console-pipe/sse:0
[ 1375978ms] [ERROR] Failed to load resource: net::ERR_CONNECTION_REFUSED @ http://localhost:4000/__tsd/console-pipe/sse:0
[ 1378980ms] [ERROR] Failed to load resource: net::ERR_CONNECTION_REFUSED @ http://localhost:4000/__tsd/console-pipe/sse:0
[ 1381982ms] [ERROR] Failed to load resource: net::ERR_CONNECTION_REFUSED @ http://localhost:4000/__tsd/console-pipe/sse:0
[ 1384983ms] [ERROR] Failed to load resource: net::ERR_CONNECTION_REFUSED @ http://localhost:4000/__tsd/console-pipe/sse:0
[ 1387985ms] [ERROR] Failed to load resource: net::ERR_CONNECTION_REFUSED @ http://localhost:4000/__tsd/console-pipe/sse:0
[ 1390987ms] [ERROR] Failed to load resource: net::ERR_CONNECTION_REFUSED @ http://localhost:4000/__tsd/console-pipe/sse:0
[ 1393995ms] [ERROR] Failed to load resource: net::ERR_CONNECTION_REFUSED @ http://localhost:4000/__tsd/console-pipe/sse:0
[ 1396999ms] [ERROR] Failed to load resource: net::ERR_CONNECTION_REFUSED @ http://localhost:4000/__tsd/console-pipe/sse:0
[ 1400005ms] [ERROR] Failed to load resource: net::ERR_CONNECTION_REFUSED @ http://localhost:4000/__tsd/console-pipe/sse:0
[ 1403007ms] [ERROR] Failed to load resource: net::ERR_CONNECTION_REFUSED @ http://localhost:4000/__tsd/console-pipe/sse:0
[ 1406009ms] [ERROR] Failed to load resource: net::ERR_CONNECTION_REFUSED @ http://localhost:4000/__tsd/console-pipe/sse:0
[ 1409011ms] [ERROR] Failed to load resource: net::ERR_CONNECTION_REFUSED @ http://localhost:4000/__tsd/console-pipe/sse:0
[ 1412013ms] [ERROR] Failed to load resource: net::ERR_CONNECTION_REFUSED @ http://localhost:4000/__tsd/console-pipe/sse:0
[ 1415015ms] [ERROR] Failed to load resource: net::ERR_CONNECTION_REFUSED @ http://localhost:4000/__tsd/console-pipe/sse:0
[ 1418017ms] [ERROR] Failed to load resource: net::ERR_CONNECTION_REFUSED @ http://localhost:4000/__tsd/console-pipe/sse:0
[ 1421019ms] [ERROR] Failed to load resource: net::ERR_CONNECTION_REFUSED @ http://localhost:4000/__tsd/console-pipe/sse:0
[ 1424020ms] [ERROR] Failed to load resource: net::ERR_CONNECTION_REFUSED @ http://localhost:4000/__tsd/console-pipe/sse:0
[ 1427026ms] [ERROR] Failed to load resource: net::ERR_CONNECTION_REFUSED @ http://localhost:4000/__tsd/console-pipe/sse:0
[ 1430028ms] [ERROR] Failed to load resource: net::ERR_CONNECTION_REFUSED @ http://localhost:4000/__tsd/console-pipe/sse:0
[ 1433030ms] [ERROR] Failed to load resource: net::ERR_CONNECTION_REFUSED @ http://localhost:4000/__tsd/console-pipe/sse:0
[ 1436037ms] [ERROR] Failed to load resource: net::ERR_CONNECTION_REFUSED @ http://localhost:4000/__tsd/console-pipe/sse:0
[ 1439039ms] [ERROR] Failed to load resource: net::ERR_CONNECTION_REFUSED @ http://localhost:4000/__tsd/console-pipe/sse:0
[ 1442041ms] [ERROR] Failed to load resource: net::ERR_CONNECTION_REFUSED @ http://localhost:4000/__tsd/console-pipe/sse:0
[ 1445043ms] [ERROR] Failed to load resource: net::ERR_CONNECTION_REFUSED @ http://localhost:4000/__tsd/console-pipe/sse:0
[ 1448046ms] [ERROR] Failed to load resource: net::ERR_CONNECTION_REFUSED @ http://localhost:4000/__tsd/console-pipe/sse:0
[ 1451048ms] [ERROR] Failed to load resource: net::ERR_CONNECTION_REFUSED @ http://localhost:4000/__tsd/console-pipe/sse:0
[ 1454050ms] [ERROR] Failed to load resource: net::ERR_CONNECTION_REFUSED @ http://localhost:4000/__tsd/console-pipe/sse:0
[ 1457052ms] [ERROR] Failed to load resource: net::ERR_CONNECTION_REFUSED @ http://localhost:4000/__tsd/console-pipe/sse:0
[ 1460054ms] [ERROR] Failed to load resource: net::ERR_CONNECTION_REFUSED @ http://localhost:4000/__tsd/console-pipe/sse:0
[ 1463056ms] [ERROR] Failed to load resource: net::ERR_CONNECTION_REFUSED @ http://localhost:4000/__tsd/console-pipe/sse:0
[ 1466058ms] [ERROR] Failed to load resource: net::ERR_CONNECTION_REFUSED @ http://localhost:4000/__tsd/console-pipe/sse:0
[ 1469060ms] [ERROR] Failed to load resource: net::ERR_CONNECTION_REFUSED @ http://localhost:4000/__tsd/console-pipe/sse:0
[ 1472062ms] [ERROR] Failed to load resource: net::ERR_CONNECTION_REFUSED @ http://localhost:4000/__tsd/console-pipe/sse:0
[ 1475064ms] [ERROR] Failed to load resource: net::ERR_CONNECTION_REFUSED @ http://localhost:4000/__tsd/console-pipe/sse:0
[ 1478067ms] [ERROR] Failed to load resource: net::ERR_CONNECTION_REFUSED @ http://localhost:4000/__tsd/console-pipe/sse:0
[ 1481069ms] [ERROR] Failed to load resource: net::ERR_CONNECTION_REFUSED @ http://localhost:4000/__tsd/console-pipe/sse:0
[ 1484071ms] [ERROR] Failed to load resource: net::ERR_CONNECTION_REFUSED @ http://localhost:4000/__tsd/console-pipe/sse:0
[ 1487074ms] [ERROR] Failed to load resource: net::ERR_CONNECTION_REFUSED @ http://localhost:4000/__tsd/console-pipe/sse:0
[ 1490076ms] [ERROR] Failed to load resource: net::ERR_CONNECTION_REFUSED @ http://localhost:4000/__tsd/console-pipe/sse:0
[ 1493077ms] [ERROR] Failed to load resource: net::ERR_CONNECTION_REFUSED @ http://localhost:4000/__tsd/console-pipe/sse:0
[ 1496079ms] [ERROR] Failed to load resource: net::ERR_CONNECTION_REFUSED @ http://localhost:4000/__tsd/console-pipe/sse:0
[ 1499081ms] [ERROR] Failed to load resource: net::ERR_CONNECTION_REFUSED @ http://localhost:4000/__tsd/console-pipe/sse:0
[ 1502083ms] [ERROR] Failed to load resource: net::ERR_CONNECTION_REFUSED @ http://localhost:4000/__tsd/console-pipe/sse:0
[ 1505085ms] [ERROR] Failed to load resource: net::ERR_CONNECTION_REFUSED @ http://localhost:4000/__tsd/console-pipe/sse:0
[ 1508086ms] [ERROR] Failed to load resource: net::ERR_CONNECTION_REFUSED @ http://localhost:4000/__tsd/console-pipe/sse:0
[ 1511088ms] [ERROR] Failed to load resource: net::ERR_CONNECTION_REFUSED @ http://localhost:4000/__tsd/console-pipe/sse:0
[ 1514090ms] [ERROR] Failed to load resource: net::ERR_CONNECTION_REFUSED @ http://localhost:4000/__tsd/console-pipe/sse:0
[ 1517091ms] [ERROR] Failed to load resource: net::ERR_CONNECTION_REFUSED @ http://localhost:4000/__tsd/console-pipe/sse:0
[ 1520093ms] [ERROR] Failed to load resource: net::ERR_CONNECTION_REFUSED @ http://localhost:4000/__tsd/console-pipe/sse:0
[ 1523095ms] [ERROR] Failed to load resource: net::ERR_CONNECTION_REFUSED @ http://localhost:4000/__tsd/console-pipe/sse:0
[ 1526097ms] [ERROR] Failed to load resource: net::ERR_CONNECTION_REFUSED @ http://localhost:4000/__tsd/console-pipe/sse:0
[ 1529099ms] [ERROR] Failed to load resource: net::ERR_CONNECTION_REFUSED @ http://localhost:4000/__tsd/console-pipe/sse:0
[ 1532100ms] [ERROR] Failed to load resource: net::ERR_CONNECTION_REFUSED @ http://localhost:4000/__tsd/console-pipe/sse:0
[ 1535102ms] [ERROR] Failed to load resource: net::ERR_CONNECTION_REFUSED @ http://localhost:4000/__tsd/console-pipe/sse:0
[ 1538103ms] [ERROR] Failed to load resource: net::ERR_CONNECTION_REFUSED @ http://localhost:4000/__tsd/console-pipe/sse:0
[ 1541105ms] [ERROR] Failed to load resource: net::ERR_CONNECTION_REFUSED @ http://localhost:4000/__tsd/console-pipe/sse:0
[ 1544108ms] [ERROR] Failed to load resource: net::ERR_CONNECTION_REFUSED @ http://localhost:4000/__tsd/console-pipe/sse:0
[ 1547110ms] [ERROR] Failed to load resource: net::ERR_CONNECTION_REFUSED @ http://localhost:4000/__tsd/console-pipe/sse:0
[ 1550112ms] [ERROR] Failed to load resource: net::ERR_CONNECTION_REFUSED @ http://localhost:4000/__tsd/console-pipe/sse:0
[ 1553114ms] [ERROR] Failed to load resource: net::ERR_CONNECTION_REFUSED @ http://localhost:4000/__tsd/console-pipe/sse:0
[ 1556117ms] [ERROR] Failed to load resource: net::ERR_CONNECTION_REFUSED @ http://localhost:4000/__tsd/console-pipe/sse:0
[ 1559119ms] [ERROR] Failed to load resource: net::ERR_CONNECTION_REFUSED @ http://localhost:4000/__tsd/console-pipe/sse:0
[ 1562121ms] [ERROR] Failed to load resource: net::ERR_CONNECTION_REFUSED @ http://localhost:4000/__tsd/console-pipe/sse:0
[ 1565123ms] [ERROR] Failed to load resource: net::ERR_CONNECTION_REFUSED @ http://localhost:4000/__tsd/console-pipe/sse:0
[ 1568125ms] [ERROR] Failed to load resource: net::ERR_CONNECTION_REFUSED @ http://localhost:4000/__tsd/console-pipe/sse:0
[ 1571127ms] [ERROR] Failed to load resource: net::ERR_CONNECTION_REFUSED @ http://localhost:4000/__tsd/console-pipe/sse:0
[ 1574129ms] [ERROR] Failed to load resource: net::ERR_CONNECTION_REFUSED @ http://localhost:4000/__tsd/console-pipe/sse:0
[ 1577133ms] [ERROR] Failed to load resource: net::ERR_CONNECTION_REFUSED @ http://localhost:4000/__tsd/console-pipe/sse:0
[ 1580135ms] [ERROR] Failed to load resource: net::ERR_CONNECTION_REFUSED @ http://localhost:4000/__tsd/console-pipe/sse:0
[ 1583137ms] [ERROR] Failed to load resource: net::ERR_CONNECTION_REFUSED @ http://localhost:4000/__tsd/console-pipe/sse:0
[ 1586139ms] [ERROR] Failed to load resource: net::ERR_CONNECTION_REFUSED @ http://localhost:4000/__tsd/console-pipe/sse:0
[ 1589140ms] [ERROR] Failed to load resource: net::ERR_CONNECTION_REFUSED @ http://localhost:4000/__tsd/console-pipe/sse:0
[ 1592142ms] [ERROR] Failed to load resource: net::ERR_CONNECTION_REFUSED @ http://localhost:4000/__tsd/console-pipe/sse:0
[ 1595144ms] [ERROR] Failed to load resource: net::ERR_CONNECTION_REFUSED @ http://localhost:4000/__tsd/console-pipe/sse:0
[ 1598148ms] [ERROR] Failed to load resource: net::ERR_CONNECTION_REFUSED @ http://localhost:4000/__tsd/console-pipe/sse:0
[ 1601150ms] [ERROR] Failed to load resource: net::ERR_CONNECTION_REFUSED @ http://localhost:4000/__tsd/console-pipe/sse:0
[ 1604152ms] [ERROR] Failed to load resource: net::ERR_CONNECTION_REFUSED @ http://localhost:4000/__tsd/console-pipe/sse:0
[ 1607154ms] [ERROR] Failed to load resource: net::ERR_CONNECTION_REFUSED @ http://localhost:4000/__tsd/console-pipe/sse:0
[ 1610156ms] [ERROR] Failed to load resource: net::ERR_CONNECTION_REFUSED @ http://localhost:4000/__tsd/console-pipe/sse:0
[ 1613158ms] [ERROR] Failed to load resource: net::ERR_CONNECTION_REFUSED @ http://localhost:4000/__tsd/console-pipe/sse:0
[ 1616161ms] [ERROR] Failed to load resource: net::ERR_CONNECTION_REFUSED @ http://localhost:4000/__tsd/console-pipe/sse:0
[ 1619163ms] [ERROR] Failed to load resource: net::ERR_CONNECTION_REFUSED @ http://localhost:4000/__tsd/console-pipe/sse:0
[ 1622164ms] [ERROR] Failed to load resource: net::ERR_CONNECTION_REFUSED @ http://localhost:4000/__tsd/console-pipe/sse:0
[ 1625166ms] [ERROR] Failed to load resource: net::ERR_CONNECTION_REFUSED @ http://localhost:4000/__tsd/console-pipe/sse:0
[ 1628168ms] [ERROR] Failed to load resource: net::ERR_CONNECTION_REFUSED @ http://localhost:4000/__tsd/console-pipe/sse:0
[ 1631170ms] [ERROR] Failed to load resource: net::ERR_CONNECTION_REFUSED @ http://localhost:4000/__tsd/console-pipe/sse:0
[ 1634172ms] [ERROR] Failed to load resource: net::ERR_CONNECTION_REFUSED @ http://localhost:4000/__tsd/console-pipe/sse:0
[ 1637173ms] [ERROR] Failed to load resource: net::ERR_CONNECTION_REFUSED @ http://localhost:4000/__tsd/console-pipe/sse:0
[ 1640175ms] [ERROR] Failed to load resource: net::ERR_CONNECTION_REFUSED @ http://localhost:4000/__tsd/console-pipe/sse:0
[ 1643177ms] [ERROR] Failed to load resource: net::ERR_CONNECTION_REFUSED @ http://localhost:4000/__tsd/console-pipe/sse:0
[ 1646178ms] [ERROR] Failed to load resource: net::ERR_CONNECTION_REFUSED @ http://localhost:4000/__tsd/console-pipe/sse:0
[ 1649180ms] [ERROR] Failed to load resource: net::ERR_CONNECTION_REFUSED @ http://localhost:4000/__tsd/console-pipe/sse:0
[ 1652182ms] [ERROR] Failed to load resource: net::ERR_CONNECTION_REFUSED @ http://localhost:4000/__tsd/console-pipe/sse:0
[ 1655183ms] [ERROR] Failed to load resource: net::ERR_CONNECTION_REFUSED @ http://localhost:4000/__tsd/console-pipe/sse:0
[ 1658185ms] [ERROR] Failed to load resource: net::ERR_CONNECTION_REFUSED @ http://localhost:4000/__tsd/console-pipe/sse:0
[ 1661188ms] [ERROR] Failed to load resource: net::ERR_CONNECTION_REFUSED @ http://localhost:4000/__tsd/console-pipe/sse:0
[ 1664190ms] [ERROR] Failed to load resource: net::ERR_CONNECTION_REFUSED @ http://localhost:4000/__tsd/console-pipe/sse:0
[ 1667192ms] [ERROR] Failed to load resource: net::ERR_CONNECTION_REFUSED @ http://localhost:4000/__tsd/console-pipe/sse:0
[ 1670194ms] [ERROR] Failed to load resource: net::ERR_CONNECTION_REFUSED @ http://localhost:4000/__tsd/console-pipe/sse:0
[ 1673196ms] [ERROR] Failed to load resource: net::ERR_CONNECTION_REFUSED @ http://localhost:4000/__tsd/console-pipe/sse:0
[ 1676198ms] [ERROR] Failed to load resource: net::ERR_CONNECTION_REFUSED @ http://localhost:4000/__tsd/console-pipe/sse:0
[ 1679200ms] [ERROR] Failed to load resource: net::ERR_CONNECTION_REFUSED @ http://localhost:4000/__tsd/console-pipe/sse:0
[ 1682201ms] [ERROR] Failed to load resource: net::ERR_CONNECTION_REFUSED @ http://localhost:4000/__tsd/console-pipe/sse:0
[ 1685203ms] [ERROR] Failed to load resource: net::ERR_CONNECTION_REFUSED @ http://localhost:4000/__tsd/console-pipe/sse:0
[ 1688205ms] [ERROR] Failed to load resource: net::ERR_CONNECTION_REFUSED @ http://localhost:4000/__tsd/console-pipe/sse:0
[ 1691207ms] [ERROR] Failed to load resource: net::ERR_CONNECTION_REFUSED @ http://localhost:4000/__tsd/console-pipe/sse:0
[ 1694209ms] [ERROR] Failed to load resource: net::ERR_CONNECTION_REFUSED @ http://localhost:4000/__tsd/console-pipe/sse:0
[ 1697210ms] [ERROR] Failed to load resource: net::ERR_CONNECTION_REFUSED @ http://localhost:4000/__tsd/console-pipe/sse:0
[ 1700213ms] [ERROR] Failed to load resource: net::ERR_CONNECTION_REFUSED @ http://localhost:4000/__tsd/console-pipe/sse:0
[ 1703215ms] [ERROR] Failed to load resource: net::ERR_CONNECTION_REFUSED @ http://localhost:4000/__tsd/console-pipe/sse:0
[ 1706217ms] [ERROR] Failed to load resource: net::ERR_CONNECTION_REFUSED @ http://localhost:4000/__tsd/console-pipe/sse:0
[ 1709219ms] [ERROR] Failed to load resource: net::ERR_CONNECTION_REFUSED @ http://localhost:4000/__tsd/console-pipe/sse:0
[ 1712220ms] [ERROR] Failed to load resource: net::ERR_CONNECTION_REFUSED @ http://localhost:4000/__tsd/console-pipe/sse:0
[ 1715222ms] [ERROR] Failed to load resource: net::ERR_CONNECTION_REFUSED @ http://localhost:4000/__tsd/console-pipe/sse:0
[ 1718223ms] [ERROR] Failed to load resource: net::ERR_CONNECTION_REFUSED @ http://localhost:4000/__tsd/console-pipe/sse:0
[ 1721225ms] [ERROR] Failed to load resource: net::ERR_CONNECTION_REFUSED @ http://localhost:4000/__tsd/console-pipe/sse:0
[ 1724227ms] [ERROR] Failed to load resource: net::ERR_CONNECTION_REFUSED @ http://localhost:4000/__tsd/console-pipe/sse:0
[ 1727229ms] [ERROR] Failed to load resource: net::ERR_CONNECTION_REFUSED @ http://localhost:4000/__tsd/console-pipe/sse:0
[ 1730231ms] [ERROR] Failed to load resource: net::ERR_CONNECTION_REFUSED @ http://localhost:4000/__tsd/console-pipe/sse:0
[ 1733233ms] [ERROR] Failed to load resource: net::ERR_CONNECTION_REFUSED @ http://localhost:4000/__tsd/console-pipe/sse:0
[ 1736234ms] [ERROR] Failed to load resource: net::ERR_CONNECTION_REFUSED @ http://localhost:4000/__tsd/console-pipe/sse:0
[ 1739236ms] [ERROR] Failed to load resource: net::ERR_CONNECTION_REFUSED @ http://localhost:4000/__tsd/console-pipe/sse:0
[ 1742239ms] [ERROR] Failed to load resource: net::ERR_CONNECTION_REFUSED @ http://localhost:4000/__tsd/console-pipe/sse:0
[ 1745241ms] [ERROR] Failed to load resource: net::ERR_CONNECTION_REFUSED @ http://localhost:4000/__tsd/console-pipe/sse:0
[ 1748242ms] [ERROR] Failed to load resource: net::ERR_CONNECTION_REFUSED @ http://localhost:4000/__tsd/console-pipe/sse:0
[ 1751244ms] [ERROR] Failed to load resource: net::ERR_CONNECTION_REFUSED @ http://localhost:4000/__tsd/console-pipe/sse:0
[ 1754246ms] [ERROR] Failed to load resource: net::ERR_CONNECTION_REFUSED @ http://localhost:4000/__tsd/console-pipe/sse:0
[ 1757248ms] [ERROR] Failed to load resource: net::ERR_CONNECTION_REFUSED @ http://localhost:4000/__tsd/console-pipe/sse:0
[ 1760250ms] [ERROR] Failed to load resource: net::ERR_CONNECTION_REFUSED @ http://localhost:4000/__tsd/console-pipe/sse:0
[ 1763251ms] [ERROR] Failed to load resource: net::ERR_CONNECTION_REFUSED @ http://localhost:4000/__tsd/console-pipe/sse:0
[ 1766253ms] [ERROR] Failed to load resource: net::ERR_CONNECTION_REFUSED @ http://localhost:4000/__tsd/console-pipe/sse:0
[ 1769255ms] [ERROR] Failed to load resource: net::ERR_CONNECTION_REFUSED @ http://localhost:4000/__tsd/console-pipe/sse:0
[ 1772257ms] [ERROR] Failed to load resource: net::ERR_CONNECTION_REFUSED @ http://localhost:4000/__tsd/console-pipe/sse:0
[ 1775258ms] [ERROR] Failed to load resource: net::ERR_CONNECTION_REFUSED @ http://localhost:4000/__tsd/console-pipe/sse:0
[ 1778260ms] [ERROR] Failed to load resource: net::ERR_CONNECTION_REFUSED @ http://localhost:4000/__tsd/console-pipe/sse:0
[ 1781261ms] [ERROR] Failed to load resource: net::ERR_CONNECTION_REFUSED @ http://localhost:4000/__tsd/console-pipe/sse:0
[ 1784263ms] [ERROR] Failed to load resource: net::ERR_CONNECTION_REFUSED @ http://localhost:4000/__tsd/console-pipe/sse:0
[ 1787265ms] [ERROR] Failed to load resource: net::ERR_CONNECTION_REFUSED @ http://localhost:4000/__tsd/console-pipe/sse:0
[ 1790267ms] [ERROR] Failed to load resource: net::ERR_CONNECTION_REFUSED @ http://localhost:4000/__tsd/console-pipe/sse:0
[ 1793269ms] [ERROR] Failed to load resource: net::ERR_CONNECTION_REFUSED @ http://localhost:4000/__tsd/console-pipe/sse:0
[ 1796271ms] [ERROR] Failed to load resource: net::ERR_CONNECTION_REFUSED @ http://localhost:4000/__tsd/console-pipe/sse:0
[ 1799273ms] [ERROR] Failed to load resource: net::ERR_CONNECTION_REFUSED @ http://localhost:4000/__tsd/console-pipe/sse:0
[ 1802274ms] [ERROR] Failed to load resource: net::ERR_CONNECTION_REFUSED @ http://localhost:4000/__tsd/console-pipe/sse:0
[ 1805276ms] [ERROR] Failed to load resource: net::ERR_CONNECTION_REFUSED @ http://localhost:4000/__tsd/console-pipe/sse:0
[ 1808278ms] [ERROR] Failed to load resource: net::ERR_CONNECTION_REFUSED @ http://localhost:4000/__tsd/console-pipe/sse:0
[ 1811280ms] [ERROR] Failed to load resource: net::ERR_CONNECTION_REFUSED @ http://localhost:4000/__tsd/console-pipe/sse:0
[ 1814282ms] [ERROR] Failed to load resource: net::ERR_CONNECTION_REFUSED @ http://localhost:4000/__tsd/console-pipe/sse:0
[ 1817284ms] [ERROR] Failed to load resource: net::ERR_CONNECTION_REFUSED @ http://localhost:4000/__tsd/console-pipe/sse:0
[ 1820285ms] [ERROR] Failed to load resource: net::ERR_CONNECTION_REFUSED @ http://localhost:4000/__tsd/console-pipe/sse:0
[ 1823287ms] [ERROR] Failed to load resource: net::ERR_CONNECTION_REFUSED @ http://localhost:4000/__tsd/console-pipe/sse:0
[ 1826289ms] [ERROR] Failed to load resource: net::ERR_CONNECTION_REFUSED @ http://localhost:4000/__tsd/console-pipe/sse:0
[ 1829291ms] [ERROR] Failed to load resource: net::ERR_CONNECTION_REFUSED @ http://localhost:4000/__tsd/console-pipe/sse:0
[ 1832293ms] [ERROR] Failed to load resource: net::ERR_CONNECTION_REFUSED @ http://localhost:4000/__tsd/console-pipe/sse:0
[ 1835295ms] [ERROR] Failed to load resource: net::ERR_CONNECTION_REFUSED @ http://localhost:4000/__tsd/console-pipe/sse:0
[ 1838298ms] [ERROR] Failed to load resource: net::ERR_CONNECTION_REFUSED @ http://localhost:4000/__tsd/console-pipe/sse:0
[ 1841300ms] [ERROR] Failed to load resource: net::ERR_CONNECTION_REFUSED @ http://localhost:4000/__tsd/console-pipe/sse:0
[ 1844303ms] [ERROR] Failed to load resource: net::ERR_CONNECTION_REFUSED @ http://localhost:4000/__tsd/console-pipe/sse:0
[ 1847305ms] [ERROR] Failed to load resource: net::ERR_CONNECTION_REFUSED @ http://localhost:4000/__tsd/console-pipe/sse:0
[ 1850307ms] [ERROR] Failed to load resource: net::ERR_CONNECTION_REFUSED @ http://localhost:4000/__tsd/console-pipe/sse:0
[ 1853309ms] [ERROR] Failed to load resource: net::ERR_CONNECTION_REFUSED @ http://localhost:4000/__tsd/console-pipe/sse:0
[ 1856311ms] [ERROR] Failed to load resource: net::ERR_CONNECTION_REFUSED @ http://localhost:4000/__tsd/console-pipe/sse:0
[ 1859313ms] [ERROR] Failed to load resource: net::ERR_CONNECTION_REFUSED @ http://localhost:4000/__tsd/console-pipe/sse:0
[ 1862315ms] [ERROR] Failed to load resource: net::ERR_CONNECTION_REFUSED @ http://localhost:4000/__tsd/console-pipe/sse:0
[ 1865317ms] [ERROR] Failed to load resource: net::ERR_CONNECTION_REFUSED @ http://localhost:4000/__tsd/console-pipe/sse:0
[ 1868319ms] [ERROR] Failed to load resource: net::ERR_CONNECTION_REFUSED @ http://localhost:4000/__tsd/console-pipe/sse:0
[ 1871320ms] [ERROR] Failed to load resource: net::ERR_CONNECTION_REFUSED @ http://localhost:4000/__tsd/console-pipe/sse:0
[ 1874322ms] [ERROR] Failed to load resource: net::ERR_CONNECTION_REFUSED @ http://localhost:4000/__tsd/console-pipe/sse:0
[ 1877324ms] [ERROR] Failed to load resource: net::ERR_CONNECTION_REFUSED @ http://localhost:4000/__tsd/console-pipe/sse:0
[ 1880326ms] [ERROR] Failed to load resource: net::ERR_CONNECTION_REFUSED @ http://localhost:4000/__tsd/console-pipe/sse:0
[ 1883327ms] [ERROR] Failed to load resource: net::ERR_CONNECTION_REFUSED @ http://localhost:4000/__tsd/console-pipe/sse:0
[ 1886329ms] [ERROR] Failed to load resource: net::ERR_CONNECTION_REFUSED @ http://localhost:4000/__tsd/console-pipe/sse:0
[ 1889332ms] [ERROR] Failed to load resource: net::ERR_CONNECTION_REFUSED @ http://localhost:4000/__tsd/console-pipe/sse:0
[ 1892334ms] [ERROR] Failed to load resource: net::ERR_CONNECTION_REFUSED @ http://localhost:4000/__tsd/console-pipe/sse:0
[ 1895336ms] [ERROR] Failed to load resource: net::ERR_CONNECTION_REFUSED @ http://localhost:4000/__tsd/console-pipe/sse:0
[ 1898338ms] [ERROR] Failed to load resource: net::ERR_CONNECTION_REFUSED @ http://localhost:4000/__tsd/console-pipe/sse:0
[ 1901339ms] [ERROR] Failed to load resource: net::ERR_CONNECTION_REFUSED @ http://localhost:4000/__tsd/console-pipe/sse:0
[ 1904341ms] [ERROR] Failed to load resource: net::ERR_CONNECTION_REFUSED @ http://localhost:4000/__tsd/console-pipe/sse:0
[ 1907343ms] [ERROR] Failed to load resource: net::ERR_CONNECTION_REFUSED @ http://localhost:4000/__tsd/console-pipe/sse:0
[ 1910344ms] [ERROR] Failed to load resource: net::ERR_CONNECTION_REFUSED @ http://localhost:4000/__tsd/console-pipe/sse:0
[ 1913346ms] [ERROR] Failed to load resource: net::ERR_CONNECTION_REFUSED @ http://localhost:4000/__tsd/console-pipe/sse:0
[ 1916348ms] [ERROR] Failed to load resource: net::ERR_CONNECTION_REFUSED @ http://localhost:4000/__tsd/console-pipe/sse:0
[ 1919350ms] [ERROR] Failed to load resource: net::ERR_CONNECTION_REFUSED @ http://localhost:4000/__tsd/console-pipe/sse:0
[ 1922352ms] [ERROR] Failed to load resource: net::ERR_CONNECTION_REFUSED @ http://localhost:4000/__tsd/console-pipe/sse:0
[ 1925354ms] [ERROR] Failed to load resource: net::ERR_CONNECTION_REFUSED @ http://localhost:4000/__tsd/console-pipe/sse:0
[ 1928355ms] [ERROR] Failed to load resource: net::ERR_CONNECTION_REFUSED @ http://localhost:4000/__tsd/console-pipe/sse:0
[ 1931357ms] [ERROR] Failed to load resource: net::ERR_CONNECTION_REFUSED @ http://localhost:4000/__tsd/console-pipe/sse:0
[ 1934359ms] [ERROR] Failed to load resource: net::ERR_CONNECTION_REFUSED @ http://localhost:4000/__tsd/console-pipe/sse:0
[ 1937361ms] [ERROR] Failed to load resource: net::ERR_CONNECTION_REFUSED @ http://localhost:4000/__tsd/console-pipe/sse:0
[ 1940363ms] [ERROR] Failed to load resource: net::ERR_CONNECTION_REFUSED @ http://localhost:4000/__tsd/console-pipe/sse:0
[ 1943365ms] [ERROR] Failed to load resource: net::ERR_CONNECTION_REFUSED @ http://localhost:4000/__tsd/console-pipe/sse:0
[ 1946366ms] [ERROR] Failed to load resource: net::ERR_CONNECTION_REFUSED @ http://localhost:4000/__tsd/console-pipe/sse:0
[ 1949368ms] [ERROR] Failed to load resource: net::ERR_CONNECTION_REFUSED @ http://localhost:4000/__tsd/console-pipe/sse:0
[ 1952370ms] [ERROR] Failed to load resource: net::ERR_CONNECTION_REFUSED @ http://localhost:4000/__tsd/console-pipe/sse:0
[ 1955372ms] [ERROR] Failed to load resource: net::ERR_CONNECTION_REFUSED @ http://localhost:4000/__tsd/console-pipe/sse:0
[ 1958373ms] [ERROR] Failed to load resource: net::ERR_CONNECTION_REFUSED @ http://localhost:4000/__tsd/console-pipe/sse:0
[ 1961375ms] [ERROR] Failed to load resource: net::ERR_CONNECTION_REFUSED @ http://localhost:4000/__tsd/console-pipe/sse:0
[ 1964377ms] [ERROR] Failed to load resource: net::ERR_CONNECTION_REFUSED @ http://localhost:4000/__tsd/console-pipe/sse:0
[ 1967379ms] [ERROR] Failed to load resource: net::ERR_CONNECTION_REFUSED @ http://localhost:4000/__tsd/console-pipe/sse:0
[ 1970380ms] [ERROR] Failed to load resource: net::ERR_CONNECTION_REFUSED @ http://localhost:4000/__tsd/console-pipe/sse:0
[ 1973382ms] [ERROR] Failed to load resource: net::ERR_CONNECTION_REFUSED @ http://localhost:4000/__tsd/console-pipe/sse:0
[ 1976384ms] [ERROR] Failed to load resource: net::ERR_CONNECTION_REFUSED @ http://localhost:4000/__tsd/console-pipe/sse:0
[ 1979385ms] [ERROR] Failed to load resource: net::ERR_CONNECTION_REFUSED @ http://localhost:4000/__tsd/console-pipe/sse:0
[ 1982387ms] [ERROR] Failed to load resource: net::ERR_CONNECTION_REFUSED @ http://localhost:4000/__tsd/console-pipe/sse:0
[ 1985389ms] [ERROR] Failed to load resource: net::ERR_CONNECTION_REFUSED @ http://localhost:4000/__tsd/console-pipe/sse:0
[ 1988391ms] [ERROR] Failed to load resource: net::ERR_CONNECTION_REFUSED @ http://localhost:4000/__tsd/console-pipe/sse:0
[ 1991393ms] [ERROR] Failed to load resource: net::ERR_CONNECTION_REFUSED @ http://localhost:4000/__tsd/console-pipe/sse:0
[ 1994394ms] [ERROR] Failed to load resource: net::ERR_CONNECTION_REFUSED @ http://localhost:4000/__tsd/console-pipe/sse:0
[ 1997396ms] [ERROR] Failed to load resource: net::ERR_CONNECTION_REFUSED @ http://localhost:4000/__tsd/console-pipe/sse:0
[ 2000398ms] [ERROR] Failed to load resource: net::ERR_CONNECTION_REFUSED @ http://localhost:4000/__tsd/console-pipe/sse:0
[ 2003399ms] [ERROR] Failed to load resource: net::ERR_CONNECTION_REFUSED @ http://localhost:4000/__tsd/console-pipe/sse:0
[ 2006401ms] [ERROR] Failed to load resource: net::ERR_CONNECTION_REFUSED @ http://localhost:4000/__tsd/console-pipe/sse:0
[ 2009403ms] [ERROR] Failed to load resource: net::ERR_CONNECTION_REFUSED @ http://localhost:4000/__tsd/console-pipe/sse:0
[ 2012405ms] [ERROR] Failed to load resource: net::ERR_CONNECTION_REFUSED @ http://localhost:4000/__tsd/console-pipe/sse:0
[ 2015407ms] [ERROR] Failed to load resource: net::ERR_CONNECTION_REFUSED @ http://localhost:4000/__tsd/console-pipe/sse:0
[ 2018411ms] [ERROR] Failed to load resource: net::ERR_CONNECTION_REFUSED @ http://localhost:4000/__tsd/console-pipe/sse:0
[ 2021415ms] [ERROR] Failed to load resource: net::ERR_CONNECTION_REFUSED @ http://localhost:4000/__tsd/console-pipe/sse:0
[ 2024417ms] [ERROR] Failed to load resource: net::ERR_CONNECTION_REFUSED @ http://localhost:4000/__tsd/console-pipe/sse:0
[ 2027419ms] [ERROR] Failed to load resource: net::ERR_CONNECTION_REFUSED @ http://localhost:4000/__tsd/console-pipe/sse:0
[ 2030420ms] [ERROR] Failed to load resource: net::ERR_CONNECTION_REFUSED @ http://localhost:4000/__tsd/console-pipe/sse:0
[ 2033422ms] [ERROR] Failed to load resource: net::ERR_CONNECTION_REFUSED @ http://localhost:4000/__tsd/console-pipe/sse:0
[ 2036423ms] [ERROR] Failed to load resource: net::ERR_CONNECTION_REFUSED @ http://localhost:4000/__tsd/console-pipe/sse:0
[ 2039425ms] [ERROR] Failed to load resource: net::ERR_CONNECTION_REFUSED @ http://localhost:4000/__tsd/console-pipe/sse:0
[ 2042427ms] [ERROR] Failed to load resource: net::ERR_CONNECTION_REFUSED @ http://localhost:4000/__tsd/console-pipe/sse:0
[ 2045429ms] [ERROR] Failed to load resource: net::ERR_CONNECTION_REFUSED @ http://localhost:4000/__tsd/console-pipe/sse:0
[ 2048431ms] [ERROR] Failed to load resource: net::ERR_CONNECTION_REFUSED @ http://localhost:4000/__tsd/console-pipe/sse:0
[ 2051435ms] [ERROR] Failed to load resource: net::ERR_CONNECTION_REFUSED @ http://localhost:4000/__tsd/console-pipe/sse:0
