[    2953ms] [INFO] %cDownload the React DevTools for a better development experience: https://react.dev/link/react-devtools font-weight:bold @ http://localhost:3000/node_modules/.vite/deps/react-dom_client.js?v=4ce40377:14337
[    3007ms] [WARNING] [tanstack-router] These exports from "/home/rashid/projects/personal/dsa-inventory/src/routes/learn.patterns.tsx" will not be code-split and will increase your bundle size:
- PatternsPage
For the best optimization, these items should either have their export statements removed, or be imported from another location that is not a route file. @ http://localhost:3000/src/routes/__root.tsx:194
[  111852ms] [INFO] %cDownload the React DevTools for a better development experience: https://react.dev/link/react-devtools font-weight:bold @ http://localhost:3000/node_modules/.vite/deps/react-dom_client.js?v=4ce40377:14337
[  111935ms] [WARNING] [tanstack-router] These exports from "/home/rashid/projects/personal/dsa-inventory/src/routes/learn.patterns.tsx" will not be code-split and will increase your bundle size:
- PatternsPage
For the best optimization, these items should either have their export statements removed, or be imported from another location that is not a route file. @ http://localhost:3000/src/routes/__root.tsx?t=1778935227155:194
[  143940ms] [INFO] %cDownload the React DevTools for a better development experience: https://react.dev/link/react-devtools font-weight:bold @ http://localhost:3000/node_modules/.vite/deps/react-dom_client.js?v=4ce40377:14337
[  143977ms] [WARNING] [tanstack-router] These exports from "/home/rashid/projects/personal/dsa-inventory/src/routes/learn.patterns.tsx" will not be code-split and will increase your bundle size:
- PatternsPage
For the best optimization, these items should either have their export statements removed, or be imported from another location that is not a route file. @ http://localhost:3000/src/routes/__root.tsx?t=1778935260598:194
[  293924ms] [INFO] %cDownload the React DevTools for a better development experience: https://react.dev/link/react-devtools font-weight:bold @ http://localhost:3000/node_modules/.vite/deps/react-dom_client.js?v=4ce40377:14337
[  293965ms] [WARNING] [tanstack-router] These exports from "/home/rashid/projects/personal/dsa-inventory/src/routes/learn.patterns.tsx" will not be code-split and will increase your bundle size:
- PatternsPage
For the best optimization, these items should either have their export statements removed, or be imported from another location that is not a route file. @ http://localhost:3000/src/routes/__root.tsx?t=1778935260598:194
[  322257ms] [INFO] %cDownload the React DevTools for a better development experience: https://react.dev/link/react-devtools font-weight:bold @ http://localhost:3000/node_modules/.vite/deps/react-dom_client.js?v=4ce40377:14337
[  322333ms] [WARNING] [tanstack-router] These exports from "/home/rashid/projects/personal/dsa-inventory/src/routes/learn.patterns.tsx" will not be code-split and will increase your bundle size:
- PatternsPage
For the best optimization, these items should either have their export statements removed, or be imported from another location that is not a route file. @ http://localhost:3000/src/routes/__root.tsx?t=1778935260598:194
[ 2320644ms] [INFO] %cDownload the React DevTools for a better development experience: https://react.dev/link/react-devtools font-weight:bold @ http://localhost:3000/node_modules/.vite/deps/react-dom_client.js?v=4ce40377:14337
[ 2320739ms] [WARNING] [tanstack-router] These exports from "/home/rashid/projects/personal/dsa-inventory/src/routes/learn.patterns.tsx" will not be code-split and will increase your bundle size:
- PatternsPage
For the best optimization, these items should either have their export statements removed, or be imported from another location that is not a route file. @ http://localhost:3000/src/routes/__root.tsx?t=1778937436994:194
