[    1896ms] [INFO] %cDownload the React DevTools for a better development experience: https://react.dev/link/react-devtools font-weight:bold @ http://localhost:3000/node_modules/.vite/deps/react-dom_client.js?v=4ce40377:14337
[    1947ms] [WARNING] [tanstack-router] These exports from "/home/rashid/projects/personal/dsa-inventory/src/routes/learn.patterns.tsx" will not be code-split and will increase your bundle size:
- PatternsPage
For the best optimization, these items should either have their export statements removed, or be imported from another location that is not a route file. @ http://localhost:3000/src/routes/__root.tsx?t=1778937436994:194
[ 6124893ms] [INFO] %cDownload the React DevTools for a better development experience: https://react.dev/link/react-devtools font-weight:bold @ http://localhost:3000/node_modules/.vite/deps/react-dom_client.js?v=4ce40377:14337
[ 6124991ms] [WARNING] [tanstack-router] These exports from "/home/rashid/projects/personal/dsa-inventory/src/routes/learn.patterns.tsx" will not be code-split and will increase your bundle size:
- PatternsPage
For the best optimization, these items should either have their export statements removed, or be imported from another location that is not a route file. @ http://localhost:3000/src/routes/__root.tsx?t=1778943613670:194
[ 6126097ms] [WARNING] %c[Server]%c color: #9333ea; font-weight: bold; color: inherit; Warning: A notFoundError was encountered on the route with ID "__root__", but a notFoundComponent option was not configured, nor was a router level defaultNotFoundComponent configured. Consider configuring at least one of these to avoid TanStack Router's overly generic defaultNotFoundComponent (<p>Not Found</p>) @ http://localhost:3000/src/routes/__root.tsx?t=1778943613670:260
[ 6126098ms] [LOG] %c[Server]%c color: #9333ea; font-weight: bold; color: inherit; [vite] hot updated: virtual:cloudflare/worker-entry @ http://localhost:3000/src/routes/__root.tsx?t=1778943613670:260
[ 6126098ms] [LOG] %c[Server]%c color: #9333ea; font-weight: bold; color: inherit; [vite] hot updated: virtual:cloudflare/worker-entry @ http://localhost:3000/src/routes/__root.tsx?t=1778943613670:260
[ 6126098ms] [LOG] %c[Server]%c color: #9333ea; font-weight: bold; color: inherit; [vite] hot updated: virtual:cloudflare/worker-entry @ http://localhost:3000/src/routes/__root.tsx?t=1778943613670:260
[ 6126098ms] [LOG] %c[Server]%c color: #9333ea; font-weight: bold; color: inherit; [vite] hot updated: virtual:cloudflare/worker-entry @ http://localhost:3000/src/routes/__root.tsx?t=1778943613670:260
[ 6126098ms] [LOG] %c[Server]%c color: #9333ea; font-weight: bold; color: inherit; [vite] hot updated: virtual:cloudflare/worker-entry @ http://localhost:3000/src/routes/__root.tsx?t=1778943613670:260
[ 6126098ms] [LOG] %c[Server]%c color: #9333ea; font-weight: bold; color: inherit; [vite] hot updated: virtual:cloudflare/worker-entry @ http://localhost:3000/src/routes/__root.tsx?t=1778943613670:260
[ 6126098ms] [LOG] %c[Server]%c color: #9333ea; font-weight: bold; color: inherit; [vite] hot updated: virtual:cloudflare/worker-entry @ http://localhost:3000/src/routes/__root.tsx?t=1778943613670:260
[ 6126098ms] [LOG] %c[Server]%c color: #9333ea; font-weight: bold; color: inherit; [vite] hot updated: virtual:cloudflare/worker-entry @ http://localhost:3000/src/routes/__root.tsx?t=1778943613670:260
[ 6126098ms] [LOG] %c[Server]%c color: #9333ea; font-weight: bold; color: inherit; [vite] hot updated: virtual:cloudflare/worker-entry @ http://localhost:3000/src/routes/__root.tsx?t=1778943613670:260
[ 6126098ms] [LOG] %c[Server]%c color: #9333ea; font-weight: bold; color: inherit; [vite] hot updated: virtual:cloudflare/worker-entry @ http://localhost:3000/src/routes/__root.tsx?t=1778943613670:260
[ 6126098ms] [LOG] %c[Server]%c color: #9333ea; font-weight: bold; color: inherit; [vite] hot updated: virtual:cloudflare/worker-entry @ http://localhost:3000/src/routes/__root.tsx?t=1778943613670:260
[ 6126098ms] [LOG] %c[Server]%c color: #9333ea; font-weight: bold; color: inherit; [vite] hot updated: virtual:cloudflare/worker-entry @ http://localhost:3000/src/routes/__root.tsx?t=1778943613670:260
[ 6126099ms] [LOG] %c[Server]%c color: #9333ea; font-weight: bold; color: inherit; [vite] hot updated: virtual:cloudflare/worker-entry @ http://localhost:3000/src/routes/__root.tsx?t=1778943613670:260
[ 6126099ms] [LOG] %c[Server]%c color: #9333ea; font-weight: bold; color: inherit; [vite] hot updated: virtual:cloudflare/worker-entry @ http://localhost:3000/src/routes/__root.tsx?t=1778943613670:260
[ 6126099ms] [LOG] %c[Server]%c color: #9333ea; font-weight: bold; color: inherit; [vite] hot updated: virtual:cloudflare/worker-entry @ http://localhost:3000/src/routes/__root.tsx?t=1778943613670:260
[ 6126099ms] [LOG] %c[Server]%c color: #9333ea; font-weight: bold; color: inherit; [vite] hot updated: virtual:cloudflare/worker-entry @ http://localhost:3000/src/routes/__root.tsx?t=1778943613670:260
[ 6126099ms] [LOG] %c[Server]%c color: #9333ea; font-weight: bold; color: inherit; [vite] hot updated: virtual:cloudflare/worker-entry @ http://localhost:3000/src/routes/__root.tsx?t=1778943613670:260
[ 6126099ms] [LOG] %c[Server]%c color: #9333ea; font-weight: bold; color: inherit; [vite] hot updated: virtual:cloudflare/worker-entry @ http://localhost:3000/src/routes/__root.tsx?t=1778943613670:260
[ 6126099ms] [LOG] %c[Server]%c color: #9333ea; font-weight: bold; color: inherit; [vite] hot updated: virtual:cloudflare/worker-entry @ http://localhost:3000/src/routes/__root.tsx?t=1778943613670:260
[ 6130850ms] [INFO] %cDownload the React DevTools for a better development experience: https://react.dev/link/react-devtools font-weight:bold @ http://localhost:3000/node_modules/.vite/deps/react-dom_client.js?v=4ce40377:14337
[ 6130958ms] [WARNING] [tanstack-router] These exports from "/home/rashid/projects/personal/dsa-inventory/src/routes/learn.patterns.tsx" will not be code-split and will increase your bundle size:
- PatternsPage
For the best optimization, these items should either have their export statements removed, or be imported from another location that is not a route file. @ http://localhost:3000/src/routes/__root.tsx?t=1778943621342:194
[ 6134417ms] [LOG] %c[Server]%c color: #9333ea; font-weight: bold; color: inherit; [vite] hot updated: virtual:cloudflare/worker-entry @ http://localhost:3000/src/routes/__root.tsx?t=1778943621342:260
[ 6146902ms] [LOG] %c[Server]%c color: #9333ea; font-weight: bold; color: inherit; [vite] hot updated: virtual:cloudflare/worker-entry @ http://localhost:3000/src/routes/__root.tsx?t=1778943621342:260
[ 6163309ms] [LOG] %c[Server]%c color: #9333ea; font-weight: bold; color: inherit; [vite] hot updated: virtual:cloudflare/worker-entry @ http://localhost:3000/src/routes/__root.tsx?t=1778943621342:260
[ 6185683ms] [LOG] %c[Server]%c color: #9333ea; font-weight: bold; color: inherit; [vite] hot updated: virtual:cloudflare/worker-entry @ http://localhost:3000/src/routes/__root.tsx?t=1778943621342:260
[ 6191244ms] [INFO] %cDownload the React DevTools for a better development experience: https://react.dev/link/react-devtools font-weight:bold @ http://localhost:3000/node_modules/.vite/deps/react-dom_client.js?v=4ce40377:14337
[ 6191319ms] [WARNING] [tanstack-router] These exports from "/home/rashid/projects/personal/dsa-inventory/src/routes/learn.patterns.tsx" will not be code-split and will increase your bundle size:
- PatternsPage
For the best optimization, these items should either have their export statements removed, or be imported from another location that is not a route file. @ http://localhost:3000/src/routes/__root.tsx?t=1778943680371:194
[ 6275044ms] [LOG] %c[Server]%c color: #9333ea; font-weight: bold; color: inherit; [vite] hot updated: virtual:cloudflare/worker-entry @ http://localhost:3000/src/routes/__root.tsx?t=1778943680371:260
[ 6309052ms] [LOG] %c[Server]%c color: #9333ea; font-weight: bold; color: inherit; [vite] hot updated: virtual:cloudflare/worker-entry @ http://localhost:3000/src/routes/__root.tsx?t=1778943680371:260
[ 6317132ms] [LOG] %c[Server]%c color: #9333ea; font-weight: bold; color: inherit; [vite] hot updated: virtual:cloudflare/worker-entry @ http://localhost:3000/src/routes/__root.tsx?t=1778943680371:260
[ 6326846ms] [LOG] %c[Server]%c color: #9333ea; font-weight: bold; color: inherit; [vite] hot updated: virtual:cloudflare/worker-entry @ http://localhost:3000/src/routes/__root.tsx?t=1778943680371:260
[ 6349158ms] [INFO] %cDownload the React DevTools for a better development experience: https://react.dev/link/react-devtools font-weight:bold @ http://localhost:3000/node_modules/.vite/deps/react-dom_client.js?v=4ce40377:14337
[ 6349313ms] [WARNING] [tanstack-router] These exports from "/home/rashid/projects/personal/dsa-inventory/src/routes/learn.patterns.tsx" will not be code-split and will increase your bundle size:
- PatternsPage
For the best optimization, these items should either have their export statements removed, or be imported from another location that is not a route file. @ http://localhost:3000/src/routes/__root.tsx?t=1778943680371:194
[ 6357335ms] [LOG] %c[Server]%c color: #9333ea; font-weight: bold; color: inherit; [vite] hot updated: virtual:cloudflare/worker-entry @ http://localhost:3000/src/routes/__root.tsx?t=1778943680371:260
[ 6390062ms] [LOG] %c[Server]%c color: #9333ea; font-weight: bold; color: inherit; [vite] hot updated: virtual:cloudflare/worker-entry @ http://localhost:3000/src/routes/__root.tsx?t=1778943680371:260
